0 [main] INFO  pl.kompo.model.SudokuBoardTest  -    0 1 2   3 4 5   6 7 8
  ----------------------
0| 9 6 1 | 3 7 8 | 2 4 5 
1| 2 8 7 | 9 5 4 | 6 1 3 
2| 5 3 4 | 2 1 6 | 7 8 9 
  ----------------------
3| 3 4 5 | 6 8 7 | 9 2 1 
4| 6 7 8 | 1 9 2 | 3 5 4 
5| 1 9 2 | 4 3 5 | 8 6 7 
  ----------------------
6| 7 2 9 | 5 6 1 | 4 3 8 
7| 8 5 6 | 7 4 3 | 1 9 2 
8| 4 1 3 | 8 2 9 | 5 7 6 

3 [main] INFO  pl.kompo.model.SudokuBoardTest  -    0 1 2   3 4 5   6 7 8
  ----------------------
0| 5 1 6 | 9 4 7 | 8 2 3 
1| 7 4 8 | 1 2 3 | 5 6 9 
2| 9 2 3 | 8 5 6 | 4 7 1 
  ----------------------
3| 1 7 5 | 2 3 4 | 9 8 6 
4| 2 6 4 | 5 8 9 | 3 1 7 
5| 8 3 9 | 6 7 1 | 2 4 5 
  ----------------------
6| 3 5 7 | 4 1 2 | 6 9 8 
7| 4 9 1 | 3 6 8 | 7 5 2 
8| 6 8 2 | 7 9 5 | 1 3 4 

7 [main] INFO  pl.kompo.model.SudokuBoardTest  -    0 1 2   3 4 5   6 7 8
  ----------------------
0| 1 5 8 | 3 9 2 | 4 6 7 
1| 6 2 3 | 1 4 7 | 8 9 5 
2| 7 4 9 | 5 8 6 | 1 2 3 
  ----------------------
3| 2 6 4 | 8 3 9 | 5 7 1 
4| 8 3 5 | 7 6 1 | 2 4 9 
5| 9 7 1 | 4 2 5 | 3 8 6 
  ----------------------
6| 4 8 6 | 9 5 3 | 7 1 2 
7| 3 9 7 | 2 1 8 | 6 5 4 
8| 5 1 2 | 6 7 4 | 9 3 8 

9 [main] INFO  pl.kompo.model.SudokuBoardTest  -    0 1 2   3 4 5   6 7 8
  ----------------------
0| 5 6 7 | 4 8 9 | 1 3 2 
1| 3 8 4 | 5 1 2 | 6 9 7 
2| 2 9 1 | 6 7 3 | 8 4 5 
  ----------------------
3| 4 1 2 | 3 9 5 | 7 6 8 
4| 6 5 3 | 7 4 8 | 2 1 9 
5| 8 7 9 | 1 2 6 | 3 5 4 
  ----------------------
6| 9 2 5 | 8 3 1 | 4 7 6 
7| 1 4 6 | 2 5 7 | 9 8 3 
8| 7 3 8 | 9 6 4 | 5 2 1 

11 [main] INFO  pl.kompo.model.SudokuBoardTest  -    0 1 2   3 4 5   6 7 8
  ----------------------
0| 4 7 8 | 5 9 1 | 6 2 3 
1| 3 5 9 | 2 6 8 | 4 7 1 
2| 1 6 2 | 3 4 7 | 8 5 9 
  ----------------------
3| 6 1 3 | 4 2 5 | 7 9 8 
4| 5 2 7 | 6 8 9 | 1 3 4 
5| 8 9 4 | 7 1 3 | 2 6 5 
  ----------------------
6| 2 3 1 | 8 5 6 | 9 4 7 
7| 7 8 6 | 9 3 4 | 5 1 2 
8| 9 4 5 | 1 7 2 | 3 8 6 

14 [main] INFO  pl.kompo.model.SudokuBoardTest  -    0 1 2   3 4 5   6 7 8
  ----------------------
0| 7 8 1 | 2 9 3 | 4 5 6 
1| 9 2 3 | 4 6 5 | 8 7 1 
2| 4 5 6 | 8 7 1 | 9 2 3 
  ----------------------
3| 1 3 4 | 9 5 6 | 7 8 2 
4| 2 9 5 | 3 8 7 | 1 6 4 
5| 6 7 8 | 1 2 4 | 5 3 9 
  ----------------------
6| 3 1 7 | 5 4 2 | 6 9 8 
7| 5 4 9 | 6 3 8 | 2 1 7 
8| 8 6 2 | 7 1 9 | 3 4 5 

16 [main] INFO  pl.kompo.model.SudokuBoardTest  -    0 1 2   3 4 5   6 7 8
  ----------------------
0| 2 9 3 | 7 8 1 | 4 5 6 
1| 4 5 6 | 9 2 3 | 7 8 1 
2| 1 7 8 | 4 5 6 | 9 2 3 
  ----------------------
3| 9 1 7 | 8 3 2 | 6 4 5 
4| 3 6 2 | 1 4 5 | 8 9 7 
5| 8 4 5 | 6 7 9 | 3 1 2 
  ----------------------
6| 5 2 4 | 3 9 7 | 1 6 8 
7| 6 3 9 | 5 1 8 | 2 7 4 
8| 7 8 1 | 2 6 4 | 5 3 9 

17 [main] INFO  pl.kompo.model.SudokuBoardTest  -    0 1 2   3 4 5   6 7 8
  ----------------------
0| 6 1 7 | 3 9 4 | 2 8 5 
1| 2 5 8 | 6 7 1 | 9 3 4 
2| 9 3 4 | 5 8 2 | 6 7 1 
  ----------------------
3| 5 4 3 | 8 1 6 | 7 9 2 
4| 7 6 9 | 2 3 5 | 4 1 8 
5| 1 8 2 | 7 4 9 | 3 5 6 
  ----------------------
6| 4 7 5 | 1 2 3 | 8 6 9 
7| 8 9 1 | 4 6 7 | 5 2 3 
8| 3 2 6 | 9 5 8 | 1 4 7 

20 [main] INFO  pl.kompo.model.SudokuBoardTest  -    0 1 2   3 4 5   6 7 8
  ----------------------
0| 3 4 6 | 1 8 7 | 9 5 2 
1| 2 1 7 | 9 3 5 | 6 8 4 
2| 5 8 9 | 6 4 2 | 1 3 7 
  ----------------------
3| 6 7 4 | 8 9 1 | 5 2 3 
4| 8 9 2 | 7 5 3 | 4 1 6 
5| 1 3 5 | 4 2 6 | 7 9 8 
  ----------------------
6| 9 2 1 | 3 6 4 | 8 7 5 
7| 7 6 3 | 5 1 8 | 2 4 9 
8| 4 5 8 | 2 7 9 | 3 6 1 

23 [main] INFO  pl.kompo.model.SudokuBoardTest  -    0 1 2   3 4 5   6 7 8
  ----------------------
0| 5 9 6 | 4 1 8 | 2 7 3 
1| 1 8 4 | 2 7 3 | 6 9 5 
2| 7 2 3 | 5 6 9 | 8 1 4 
  ----------------------
3| 4 1 5 | 8 9 6 | 3 2 7 
4| 2 3 7 | 1 4 5 | 9 8 6 
5| 8 6 9 | 3 2 7 | 4 5 1 
  ----------------------
6| 3 4 8 | 7 5 2 | 1 6 9 
7| 9 7 1 | 6 8 4 | 5 3 2 
8| 6 5 2 | 9 3 1 | 7 4 8 

26 [main] INFO  pl.kompo.model.SudokuBoardTest  -    0 1 2   3 4 5   6 7 8
  ----------------------
0| 4 6 3 | 9 8 2 | 5 7 1 
1| 1 5 7 | 3 4 6 | 8 9 2 
2| 9 2 8 | 7 1 5 | 4 3 6 
  ----------------------
3| 2 3 4 | 8 5 7 | 6 1 9 
4| 5 7 6 | 4 9 1 | 3 2 8 
5| 8 1 9 | 6 2 3 | 7 4 5 
  ----------------------
6| 3 8 5 | 1 7 9 | 2 6 4 
7| 6 9 2 | 5 3 4 | 1 8 7 
8| 7 4 1 | 2 6 8 | 9 5 3 

28 [main] INFO  pl.kompo.model.SudokuBoardTest  -    0 1 2   3 4 5   6 7 8
  ----------------------
0| 4 5 7 | 6 1 3 | 8 9 2 
1| 6 8 9 | 7 4 2 | 1 3 5 
2| 1 2 3 | 5 8 9 | 4 6 7 
  ----------------------
3| 5 9 4 | 8 2 1 | 3 7 6 
4| 3 6 8 | 9 5 7 | 2 4 1 
5| 2 7 1 | 3 6 4 | 9 5 8 
  ----------------------
6| 9 1 2 | 4 7 5 | 6 8 3 
7| 8 3 5 | 1 9 6 | 7 2 4 
8| 7 4 6 | 2 3 8 | 5 1 9 

56 [main] INFO  pl.kompo.model.SudokuBoardTest  -    0 1 2   3 4 5   6 7 8
  ----------------------
0| 4 1 5 | 9 3 7 | 8 2 6 
1| 2 6 7 | 5 1 8 | 9 3 4 
2| 3 8 9 | 2 6 4 | 5 1 7 
  ----------------------
3| 1 9 6 | 3 4 2 | 7 5 8 
4| 8 7 2 | 1 5 6 | 3 4 9 
5| 5 3 4 | 7 8 9 | 1 6 2 
  ----------------------
6| 9 2 3 | 4 7 1 | 6 8 5 
7| 7 5 8 | 6 2 3 | 4 9 1 
8| 6 4 1 | 8 9 5 | 2 7 3 

61 [main] INFO  pl.kompo.model.SudokuBoardTest  -    0 1 2   3 4 5   6 7 8
  ----------------------
0| 5 1 6 | 9 2 7 | 8 3 4 
1| 7 4 9 | 8 3 5 | 6 1 2 
2| 8 2 3 | 1 6 4 | 5 7 9 
  ----------------------
3| 9 5 8 | 6 7 1 | 2 4 3 
4| 4 3 1 | 2 8 9 | 7 5 6 
5| 6 7 2 | 4 5 3 | 9 8 1 
  ----------------------
6| 1 6 4 | 5 9 8 | 3 2 7 
7| 2 8 7 | 3 4 6 | 1 9 5 
8| 3 9 5 | 7 1 2 | 4 6 8 

0 [main] INFO  pl.kompo.model.FileSudokuBoardDao  - Resources closed
51 [main] INFO  pl.kompo.model.FileSudokuBoardDao  - Resources closed
54 [main] INFO  pl.kompo.model.FileSudokuBoardDao  - Resources closed
58 [main] INFO  pl.kompo.model.SudokuBoardTest  -    0 1 2   3 4 5   6 7 8
  ----------------------
0| 2 6 8 | 5 7 9 | 1 3 4 
1| 5 7 9 | 3 1 4 | 6 8 2 
2| 1 3 4 | 2 8 6 | 5 9 7 
  ----------------------
3| 3 8 1 | 4 6 5 | 7 2 9 
4| 6 2 7 | 8 9 3 | 4 1 5 
5| 9 4 5 | 7 2 1 | 3 6 8 
  ----------------------
6| 7 5 2 | 6 3 8 | 9 4 1 
7| 8 9 3 | 1 4 7 | 2 5 6 
8| 4 1 6 | 9 5 2 | 8 7 3 

60 [main] INFO  pl.kompo.model.SudokuBoardTest  -    0 1 2   3 4 5   6 7 8
  ----------------------
0| 7 4 9 | 5 1 2 | 3 8 6 
1| 8 1 2 | 3 9 6 | 4 7 5 
2| 3 5 6 | 7 4 8 | 9 1 2 
  ----------------------
3| 1 6 8 | 9 7 3 | 5 2 4 
4| 2 9 3 | 8 5 4 | 1 6 7 
5| 4 7 5 | 2 6 1 | 8 3 9 
  ----------------------
6| 5 2 4 | 1 8 7 | 6 9 3 
7| 6 8 7 | 4 3 9 | 2 5 1 
8| 9 3 1 | 6 2 5 | 7 4 8 

63 [main] INFO  pl.kompo.model.SudokuBoardTest  -    0 1 2   3 4 5   6 7 8
  ----------------------
0| 4 2 8 | 6 9 1 | 3 5 7 
1| 3 9 7 | 4 5 8 | 1 2 6 
2| 5 6 1 | 7 2 3 | 8 9 4 
  ----------------------
3| 6 3 9 | 5 4 7 | 2 1 8 
4| 1 4 2 | 8 6 9 | 5 7 3 
5| 7 8 5 | 1 3 2 | 4 6 9 
  ----------------------
6| 8 7 3 | 9 1 5 | 6 4 2 
7| 9 5 6 | 2 8 4 | 7 3 1 
8| 2 1 4 | 3 7 6 | 9 8 5 

66 [main] INFO  pl.kompo.model.SudokuBoardTest  -    0 1 2   3 4 5   6 7 8
  ----------------------
0| 9 3 8 | 6 1 2 | 4 5 7 
1| 1 2 4 | 8 5 7 | 3 9 6 
2| 5 6 7 | 9 3 4 | 8 1 2 
  ----------------------
3| 7 4 5 | 1 6 8 | 2 3 9 
4| 8 9 2 | 3 4 5 | 6 7 1 
5| 3 1 6 | 7 2 9 | 5 8 4 
  ----------------------
6| 2 7 1 | 5 8 6 | 9 4 3 
7| 6 8 9 | 4 7 3 | 1 2 5 
8| 4 5 3 | 2 9 1 | 7 6 8 

68 [main] INFO  pl.kompo.model.SudokuBoardTest  -    0 1 2   3 4 5   6 7 8
  ----------------------
0| 1 5 4 | 7 8 6 | 9 2 3 
1| 3 6 2 | 5 4 9 | 7 8 1 
2| 8 7 9 | 2 1 3 | 5 4 6 
  ----------------------
3| 9 1 3 | 6 7 4 | 8 5 2 
4| 5 2 7 | 8 9 1 | 3 6 4 
5| 6 4 8 | 3 5 2 | 1 7 9 
  ----------------------
6| 7 9 6 | 4 3 5 | 2 1 8 
7| 4 3 5 | 1 2 8 | 6 9 7 
8| 2 8 1 | 9 6 7 | 4 3 5 

69 [main] INFO  pl.kompo.model.SudokuBoardTest  -    0 1 2   3 4 5   6 7 8
  ----------------------
0| 8 1 6 | 2 9 3 | 5 7 4 
1| 7 5 9 | 1 4 8 | 2 3 6 
2| 2 3 4 | 7 5 6 | 8 9 1 
  ----------------------
3| 3 4 5 | 6 7 9 | 1 8 2 
4| 6 2 7 | 4 8 1 | 9 5 3 
5| 9 8 1 | 3 2 5 | 4 6 7 
  ----------------------
6| 1 9 2 | 5 3 7 | 6 4 8 
7| 4 7 8 | 9 6 2 | 3 1 5 
8| 5 6 3 | 8 1 4 | 7 2 9 

71 [main] INFO  pl.kompo.model.SudokuBoardTest  -    0 1 2   3 4 5   6 7 8
  ----------------------
0| 5 4 2 | 6 7 8 | 1 3 9 
1| 7 8 6 | 9 1 3 | 4 2 5 
2| 9 1 3 | 5 2 4 | 6 7 8 
  ----------------------
3| 2 9 4 | 1 3 5 | 7 8 6 
4| 1 3 7 | 2 8 6 | 9 5 4 
5| 6 5 8 | 7 4 9 | 2 1 3 
  ----------------------
6| 8 2 9 | 3 6 7 | 5 4 1 
7| 3 6 1 | 4 5 2 | 8 9 7 
8| 4 7 5 | 8 9 1 | 3 6 2 

73 [main] INFO  pl.kompo.model.SudokuBoardTest  -    0 1 2   3 4 5   6 7 8
  ----------------------
0| 3 4 9 | 5 7 6 | 8 1 2 
1| 6 5 7 | 8 1 2 | 4 9 3 
2| 8 1 2 | 9 3 4 | 7 5 6 
  ----------------------
3| 7 3 6 | 4 8 9 | 1 2 5 
4| 9 2 5 | 7 6 1 | 3 8 4 
5| 1 8 4 | 2 5 3 | 6 7 9 
  ----------------------
6| 2 6 3 | 1 9 8 | 5 4 7 
7| 4 7 8 | 3 2 5 | 9 6 1 
8| 5 9 1 | 6 4 7 | 2 3 8 

76 [main] INFO  pl.kompo.model.SudokuBoardTest  -    0 1 2   3 4 5   6 7 8
  ----------------------
0| 9 4 1 | 2 5 6 | 7 8 3 
1| 2 3 5 | 9 8 7 | 4 1 6 
2| 6 8 7 | 1 4 3 | 9 5 2 
  ----------------------
3| 8 5 9 | 6 1 2 | 3 4 7 
4| 3 2 4 | 5 7 8 | 6 9 1 
5| 1 7 6 | 3 9 4 | 5 2 8 
  ----------------------
6| 4 6 2 | 8 3 9 | 1 7 5 
7| 7 1 3 | 4 2 5 | 8 6 9 
8| 5 9 8 | 7 6 1 | 2 3 4 

77 [main] INFO  pl.kompo.model.SudokuBoardTest  -    0 1 2   3 4 5   6 7 8
  ----------------------
0| 2 5 1 | 3 6 8 | 7 9 4 
1| 3 4 6 | 9 2 7 | 5 8 1 
2| 7 8 9 | 1 4 5 | 6 2 3 
  ----------------------
3| 8 6 3 | 2 5 9 | 4 1 7 
4| 4 7 2 | 6 3 1 | 8 5 9 
5| 9 1 5 | 7 8 4 | 2 3 6 
  ----------------------
6| 5 9 7 | 4 1 2 | 3 6 8 
7| 1 3 8 | 5 7 6 | 9 4 2 
8| 6 2 4 | 8 9 3 | 1 7 5 

80 [main] INFO  pl.kompo.model.SudokuBoardTest  -    0 1 2   3 4 5   6 7 8
  ----------------------
0| 9 4 7 | 1 2 3 | 5 6 8 
1| 5 2 1 | 9 6 8 | 7 3 4 
2| 6 8 3 | 4 7 5 | 1 2 9 
  ----------------------
3| 3 5 9 | 6 4 1 | 2 8 7 
4| 7 6 8 | 2 3 9 | 4 5 1 
5| 2 1 4 | 5 8 7 | 6 9 3 
  ----------------------
6| 8 7 5 | 3 1 2 | 9 4 6 
7| 4 3 2 | 7 9 6 | 8 1 5 
8| 1 9 6 | 8 5 4 | 3 7 2 

82 [main] INFO  pl.kompo.model.SudokuBoardTest  -    0 1 2   3 4 5   6 7 8
  ----------------------
0| 2 4 8 | 5 9 1 | 3 6 7 
1| 3 9 7 | 4 8 6 | 1 5 2 
2| 5 6 1 | 7 2 3 | 4 8 9 
  ----------------------
3| 7 3 9 | 8 1 2 | 6 4 5 
4| 1 2 5 | 6 3 4 | 9 7 8 
5| 4 8 6 | 9 5 7 | 2 1 3 
  ----------------------
6| 8 5 2 | 1 4 9 | 7 3 6 
7| 6 1 3 | 2 7 8 | 5 9 4 
8| 9 7 4 | 3 6 5 | 8 2 1 

85 [main] INFO  pl.kompo.model.SudokuBoardTest  -    0 1 2   3 4 5   6 7 8
  ----------------------
0| 8 3 4 | 2 9 1 | 5 6 7 
1| 9 7 1 | 8 5 6 | 2 3 4 
2| 2 5 6 | 7 3 4 | 1 8 9 
  ----------------------
3| 3 8 5 | 9 7 2 | 4 1 6 
4| 4 9 2 | 6 1 5 | 3 7 8 
5| 1 6 7 | 3 4 8 | 9 2 5 
  ----------------------
6| 6 1 9 | 4 2 7 | 8 5 3 
7| 5 4 8 | 1 6 3 | 7 9 2 
8| 7 2 3 | 5 8 9 | 6 4 1 

88 [main] INFO  pl.kompo.model.SudokuBoardTest  -    0 1 2   3 4 5   6 7 8
  ----------------------
0| 4 2 3 | 1 5 6 | 7 8 9 
1| 5 1 6 | 7 8 9 | 2 3 4 
2| 7 8 9 | 4 2 3 | 1 5 6 
  ----------------------
3| 1 3 5 | 6 4 7 | 9 2 8 
4| 8 4 2 | 9 1 5 | 3 6 7 
5| 9 6 7 | 8 3 2 | 5 4 1 
  ----------------------
6| 2 7 8 | 5 6 1 | 4 9 3 
7| 3 9 4 | 2 7 8 | 6 1 5 
8| 6 5 1 | 3 9 4 | 8 7 2 

0 [main] INFO  pl.kompo.model.FileSudokuBoardDao  - Resources closed
8 [main] INFO  pl.kompo.model.FileSudokuBoardDao  - Resources closed
15 [main] INFO  pl.kompo.model.SudokuBoardTest  -    0 1 2   3 4 5   6 7 8
  ----------------------
0| 3 8 1 | 2 6 7 | 4 5 9 
1| 7 4 9 | 3 5 8 | 1 2 6 
2| 2 5 6 | 9 4 1 | 3 7 8 
  ----------------------
3| 9 6 3 | 7 8 2 | 5 1 4 
4| 4 7 2 | 1 9 5 | 6 8 3 
5| 5 1 8 | 4 3 6 | 7 9 2 
  ----------------------
6| 6 9 5 | 8 7 3 | 2 4 1 
7| 1 3 4 | 5 2 9 | 8 6 7 
8| 8 2 7 | 6 1 4 | 9 3 5 

17 [main] INFO  pl.kompo.model.SudokuBoardTest  -    0 1 2   3 4 5   6 7 8
  ----------------------
0| 5 3 4 | 2 6 7 | 8 9 1 
1| 7 8 9 | 3 1 4 | 5 6 2 
2| 1 2 6 | 8 5 9 | 3 7 4 
  ----------------------
3| 9 5 1 | 4 8 6 | 7 2 3 
4| 3 4 2 | 7 9 5 | 6 1 8 
5| 8 6 7 | 1 2 3 | 9 4 5 
  ----------------------
6| 2 9 3 | 5 7 1 | 4 8 6 
7| 4 7 8 | 6 3 2 | 1 5 9 
8| 6 1 5 | 9 4 8 | 2 3 7 

20 [main] INFO  pl.kompo.model.SudokuBoardTest  -    0 1 2   3 4 5   6 7 8
  ----------------------
0| 3 7 1 | 8 9 2 | 4 5 6 
1| 8 9 2 | 4 5 6 | 3 7 1 
2| 4 5 6 | 7 1 3 | 8 9 2 
  ----------------------
3| 2 1 9 | 3 7 4 | 5 6 8 
4| 5 3 4 | 6 8 9 | 1 2 7 
5| 6 8 7 | 5 2 1 | 9 3 4 
  ----------------------
6| 7 2 8 | 9 4 5 | 6 1 3 
7| 9 4 3 | 1 6 7 | 2 8 5 
8| 1 6 5 | 2 3 8 | 7 4 9 

25 [main] INFO  pl.kompo.model.SudokuBoardTest  -    0 1 2   3 4 5   6 7 8
  ----------------------
0| 7 4 5 | 6 8 9 | 1 2 3 
1| 2 8 6 | 5 1 3 | 4 7 9 
2| 9 3 1 | 2 4 7 | 5 8 6 
  ----------------------
3| 3 9 7 | 4 5 8 | 6 1 2 
4| 1 2 4 | 3 9 6 | 7 5 8 
5| 5 6 8 | 7 2 1 | 9 3 4 
  ----------------------
6| 6 7 9 | 8 3 5 | 2 4 1 
7| 4 1 3 | 9 7 2 | 8 6 5 
8| 8 5 2 | 1 6 4 | 3 9 7 

26 [main] INFO  pl.kompo.model.SudokuBoardTest  -    0 1 2   3 4 5   6 7 8
  ----------------------
0| 1 3 2 | 4 6 5 | 7 8 9 
1| 4 5 9 | 7 3 8 | 2 1 6 
2| 6 7 8 | 9 1 2 | 3 4 5 
  ----------------------
3| 2 1 3 | 5 9 4 | 8 6 7 
4| 9 8 4 | 1 7 6 | 5 2 3 
5| 5 6 7 | 2 8 3 | 1 9 4 
  ----------------------
6| 3 2 5 | 6 4 1 | 9 7 8 
7| 7 4 1 | 8 5 9 | 6 3 2 
8| 8 9 6 | 3 2 7 | 4 5 1 

30 [main] INFO  pl.kompo.model.SudokuBoardTest  -    0 1 2   3 4 5   6 7 8
  ----------------------
0| 8 1 3 | 9 2 4 | 5 7 6 
1| 6 5 7 | 1 8 3 | 4 9 2 
2| 9 4 2 | 5 7 6 | 8 1 3 
  ----------------------
3| 4 9 1 | 3 5 2 | 6 8 7 
4| 3 2 5 | 7 6 8 | 9 4 1 
5| 7 8 6 | 4 9 1 | 2 3 5 
  ----------------------
6| 5 3 8 | 6 1 9 | 7 2 4 
7| 1 6 9 | 2 4 7 | 3 5 8 
8| 2 7 4 | 8 3 5 | 1 6 9 

32 [main] INFO  pl.kompo.model.SudokuBoardTest  -    0 1 2   3 4 5   6 7 8
  ----------------------
0| 3 1 2 | 4 9 5 | 7 8 6 
1| 7 8 4 | 1 2 6 | 3 5 9 
2| 6 5 9 | 8 3 7 | 1 2 4 
  ----------------------
3| 1 9 7 | 2 4 8 | 5 6 3 
4| 2 3 5 | 9 6 1 | 4 7 8 
5| 8 4 6 | 5 7 3 | 9 1 2 
  ----------------------
6| 5 6 8 | 3 1 4 | 2 9 7 
7| 4 2 1 | 7 8 9 | 6 3 5 
8| 9 7 3 | 6 5 2 | 8 4 1 

34 [main] INFO  pl.kompo.model.SudokuBoardTest  -    0 1 2   3 4 5   6 7 8
  ----------------------
0| 4 5 3 | 6 8 7 | 9 1 2 
1| 9 1 6 | 4 5 2 | 3 7 8 
2| 7 8 2 | 9 1 3 | 4 6 5 
  ----------------------
3| 1 7 4 | 2 6 5 | 8 9 3 
4| 3 9 5 | 8 4 1 | 7 2 6 
5| 2 6 8 | 3 7 9 | 1 5 4 
  ----------------------
6| 5 2 7 | 1 3 4 | 6 8 9 
7| 6 3 9 | 7 2 8 | 5 4 1 
8| 8 4 1 | 5 9 6 | 2 3 7 

40 [main] INFO  pl.kompo.model.SudokuBoardTest  -    0 1 2   3 4 5   6 7 8
  ----------------------
0| 8 9 3 | 4 5 2 | 1 6 7 
1| 1 5 2 | 8 6 7 | 3 4 9 
2| 4 6 7 | 9 1 3 | 5 2 8 
  ----------------------
3| 5 7 9 | 6 8 4 | 2 1 3 
4| 2 1 4 | 3 7 5 | 8 9 6 
5| 3 8 6 | 1 2 9 | 4 7 5 
  ----------------------
6| 6 3 5 | 7 4 1 | 9 8 2 
7| 7 2 1 | 5 9 8 | 6 3 4 
8| 9 4 8 | 2 3 6 | 7 5 1 

43 [main] INFO  pl.kompo.model.SudokuBoardTest  -    0 1 2   3 4 5   6 7 8
  ----------------------
0| 9 3 4 | 1 5 6 | 7 8 2 
1| 8 1 7 | 4 9 2 | 3 5 6 
2| 2 5 6 | 3 7 8 | 4 9 1 
  ----------------------
3| 3 7 9 | 2 8 4 | 1 6 5 
4| 1 8 5 | 6 3 7 | 9 2 4 
5| 4 6 2 | 5 1 9 | 8 3 7 
  ----------------------
6| 5 2 8 | 7 4 3 | 6 1 9 
7| 7 9 1 | 8 6 5 | 2 4 3 
8| 6 4 3 | 9 2 1 | 5 7 8 

46 [main] INFO  pl.kompo.model.SudokuBoardTest  -    0 1 2   3 4 5   6 7 8
  ----------------------
0| 1 2 3 | 7 4 5 | 9 8 6 
1| 4 6 7 | 3 8 9 | 1 2 5 
2| 5 8 9 | 6 1 2 | 3 4 7 
  ----------------------
3| 6 7 2 | 8 5 1 | 4 3 9 
4| 9 4 1 | 2 3 6 | 7 5 8 
5| 8 3 5 | 9 7 4 | 2 6 1 
  ----------------------
6| 2 9 4 | 1 6 8 | 5 7 3 
7| 3 5 6 | 4 9 7 | 8 1 2 
8| 7 1 8 | 5 2 3 | 6 9 4 

47 [main] INFO  pl.kompo.model.SudokuBoardTest  -    0 1 2   3 4 5   6 7 8
  ----------------------
0| 1 9 2 | 3 4 8 | 6 5 7 
1| 5 6 3 | 7 9 1 | 4 8 2 
2| 4 7 8 | 5 2 6 | 3 9 1 
  ----------------------
3| 9 5 1 | 8 3 7 | 2 4 6 
4| 6 2 4 | 9 1 5 | 7 3 8 
5| 3 8 7 | 2 6 4 | 9 1 5 
  ----------------------
6| 7 3 6 | 1 5 9 | 8 2 4 
7| 8 1 9 | 4 7 2 | 5 6 3 
8| 2 4 5 | 6 8 3 | 1 7 9 

50 [main] INFO  pl.kompo.model.SudokuBoardTest  -    0 1 2   3 4 5   6 7 8
  ----------------------
0| 1 4 5 | 2 3 8 | 6 7 9 
1| 8 2 6 | 5 9 7 | 1 4 3 
2| 9 3 7 | 1 6 4 | 8 5 2 
  ----------------------
3| 2 5 4 | 9 1 3 | 7 6 8 
4| 3 9 8 | 6 7 5 | 2 1 4 
5| 6 7 1 | 4 8 2 | 3 9 5 
  ----------------------
6| 4 8 9 | 7 2 6 | 5 3 1 
7| 5 6 2 | 3 4 1 | 9 8 7 
8| 7 1 3 | 8 5 9 | 4 2 6 

53 [main] INFO  pl.kompo.model.SudokuBoardTest  -    0 1 2   3 4 5   6 7 8
  ----------------------
0| 2 5 6 | 3 4 7 | 8 9 1 
1| 3 9 1 | 5 6 8 | 2 7 4 
2| 4 7 8 | 9 1 2 | 5 3 6 
  ----------------------
3| 5 3 2 | 6 7 9 | 4 1 8 
4| 8 1 7 | 2 3 4 | 6 5 9 
5| 6 4 9 | 1 8 5 | 3 2 7 
  ----------------------
6| 1 8 3 | 7 5 6 | 9 4 2 
7| 7 2 4 | 8 9 3 | 1 6 5 
8| 9 6 5 | 4 2 1 | 7 8 3 

0 [main] INFO  pl.kompo.model.FileSudokuBoardDao  - Resources closed
3 [main] INFO  pl.kompo.model.FileSudokuBoardDao  - Resources closed
13 [main] INFO  pl.kompo.model.SudokuBoardTest  -    0 1 2   3 4 5   6 7 8
  ----------------------
0| 9 1 7 | 2 3 8 | 4 5 6 
1| 5 2 6 | 9 1 4 | 8 7 3 
2| 4 3 8 | 5 6 7 | 9 2 1 
  ----------------------
3| 3 4 9 | 6 5 2 | 7 1 8 
4| 6 5 1 | 7 8 9 | 2 3 4 
5| 7 8 2 | 1 4 3 | 5 6 9 
  ----------------------
6| 8 6 3 | 4 2 5 | 1 9 7 
7| 1 7 5 | 8 9 6 | 3 4 2 
8| 2 9 4 | 3 7 1 | 6 8 5 

16 [main] INFO  pl.kompo.model.SudokuBoardTest  -    0 1 2   3 4 5   6 7 8
  ----------------------
0| 7 4 2 | 5 6 8 | 3 9 1 
1| 1 5 9 | 4 3 7 | 2 6 8 
2| 3 6 8 | 9 1 2 | 4 5 7 
  ----------------------
3| 6 7 1 | 8 9 3 | 5 2 4 
4| 2 3 4 | 1 5 6 | 7 8 9 
5| 8 9 5 | 7 2 4 | 1 3 6 
  ----------------------
6| 4 8 6 | 2 7 5 | 9 1 3 
7| 5 1 3 | 6 4 9 | 8 7 2 
8| 9 2 7 | 3 8 1 | 6 4 5 

19 [main] INFO  pl.kompo.model.SudokuBoardTest  -    0 1 2   3 4 5   6 7 8
  ----------------------
0| 3 2 5 | 1 7 8 | 4 9 6 
1| 7 6 4 | 2 9 3 | 5 1 8 
2| 8 9 1 | 4 5 6 | 2 7 3 
  ----------------------
3| 9 4 2 | 7 3 1 | 6 8 5 
4| 1 5 3 | 6 8 2 | 9 4 7 
5| 6 7 8 | 5 4 9 | 1 3 2 
  ----------------------
6| 4 8 6 | 9 2 7 | 3 5 1 
7| 2 3 9 | 8 1 5 | 7 6 4 
8| 5 1 7 | 3 6 4 | 8 2 9 

24 [main] INFO  pl.kompo.model.SudokuBoardTest  -    0 1 2   3 4 5   6 7 8
  ----------------------
0| 9 1 2 | 6 7 3 | 4 5 8 
1| 6 4 8 | 1 2 5 | 3 7 9 
2| 7 3 5 | 8 9 4 | 1 2 6 
  ----------------------
3| 3 5 1 | 7 4 6 | 8 9 2 
4| 4 7 6 | 2 8 9 | 5 1 3 
5| 8 2 9 | 3 5 1 | 6 4 7 
  ----------------------
6| 5 6 3 | 9 1 2 | 7 8 4 
7| 1 9 7 | 4 6 8 | 2 3 5 
8| 2 8 4 | 5 3 7 | 9 6 1 

25 [main] INFO  pl.kompo.model.SudokuBoardTest  -    0 1 2   3 4 5   6 7 8
  ----------------------
0| 4 8 1 | 9 2 5 | 6 7 3 
1| 3 7 5 | 8 1 6 | 4 9 2 
2| 6 9 2 | 7 3 4 | 5 8 1 
  ----------------------
3| 1 5 6 | 3 4 7 | 8 2 9 
4| 2 3 7 | 6 8 9 | 1 4 5 
5| 8 4 9 | 1 5 2 | 3 6 7 
  ----------------------
6| 7 6 3 | 4 9 1 | 2 5 8 
7| 5 1 4 | 2 7 8 | 9 3 6 
8| 9 2 8 | 5 6 3 | 7 1 4 

30 [main] INFO  pl.kompo.model.SudokuBoardTest  -    0 1 2   3 4 5   6 7 8
  ----------------------
0| 6 9 1 | 8 4 3 | 2 7 5 
1| 2 3 7 | 9 1 5 | 6 8 4 
2| 8 4 5 | 2 7 6 | 1 9 3 
  ----------------------
3| 9 5 2 | 7 6 4 | 8 3 1 
4| 7 6 3 | 1 8 9 | 4 5 2 
5| 4 1 8 | 3 5 2 | 7 6 9 
  ----------------------
6| 1 7 9 | 5 2 8 | 3 4 6 
7| 3 8 6 | 4 9 1 | 5 2 7 
8| 5 2 4 | 6 3 7 | 9 1 8 

37 [main] INFO  pl.kompo.model.SudokuBoardTest  -    0 1 2   3 4 5   6 7 8
  ----------------------
0| 4 3 5 | 1 2 6 | 7 8 9 
1| 6 9 1 | 8 4 7 | 2 3 5 
2| 8 2 7 | 5 3 9 | 6 4 1 
  ----------------------
3| 7 8 2 | 3 5 1 | 4 9 6 
4| 1 5 3 | 6 9 4 | 8 2 7 
5| 9 4 6 | 2 7 8 | 5 1 3 
  ----------------------
6| 5 6 8 | 4 1 3 | 9 7 2 
7| 2 1 9 | 7 8 5 | 3 6 4 
8| 3 7 4 | 9 6 2 | 1 5 8 

41 [main] INFO  pl.kompo.model.SudokuBoardTest  -    0 1 2   3 4 5   6 7 8
  ----------------------
0| 9 7 4 | 5 6 8 | 1 3 2 
1| 3 8 5 | 2 1 4 | 6 7 9 
2| 1 6 2 | 7 9 3 | 4 8 5 
  ----------------------
3| 8 3 6 | 9 7 1 | 2 5 4 
4| 2 4 7 | 3 5 6 | 8 9 1 
5| 5 9 1 | 4 8 2 | 3 6 7 
  ----------------------
6| 4 1 9 | 6 3 7 | 5 2 8 
7| 6 5 8 | 1 2 9 | 7 4 3 
8| 7 2 3 | 8 4 5 | 9 1 6 

44 [main] INFO  pl.kompo.model.SudokuBoardTest  -    0 1 2   3 4 5   6 7 8
  ----------------------
0| 8 3 9 | 4 1 2 | 5 6 7 
1| 1 2 5 | 3 6 7 | 8 4 9 
2| 4 6 7 | 5 8 9 | 1 3 2 
  ----------------------
3| 5 4 6 | 7 3 8 | 9 2 1 
4| 2 7 8 | 9 4 1 | 3 5 6 
5| 9 1 3 | 6 2 5 | 4 7 8 
  ----------------------
6| 3 5 1 | 8 7 6 | 2 9 4 
7| 6 8 4 | 2 9 3 | 7 1 5 
8| 7 9 2 | 1 5 4 | 6 8 3 

47 [main] INFO  pl.kompo.model.SudokuBoardTest  -    0 1 2   3 4 5   6 7 8
  ----------------------
0| 4 2 7 | 8 1 9 | 6 3 5 
1| 5 3 8 | 2 6 4 | 7 1 9 
2| 9 1 6 | 3 7 5 | 8 2 4 
  ----------------------
3| 6 4 5 | 9 8 3 | 1 7 2 
4| 8 7 1 | 6 4 2 | 5 9 3 
5| 2 9 3 | 7 5 1 | 4 6 8 
  ----------------------
6| 3 5 4 | 1 2 6 | 9 8 7 
7| 1 8 9 | 4 3 7 | 2 5 6 
8| 7 6 2 | 5 9 8 | 3 4 1 

50 [main] INFO  pl.kompo.model.SudokuBoardTest  -    0 1 2   3 4 5   6 7 8
  ----------------------
0| 6 8 9 | 3 4 5 | 7 1 2 
1| 5 4 2 | 6 1 7 | 8 9 3 
2| 1 7 3 | 2 9 8 | 4 5 6 
  ----------------------
3| 7 9 4 | 5 8 6 | 3 2 1 
4| 8 3 6 | 1 7 2 | 9 4 5 
5| 2 5 1 | 4 3 9 | 6 7 8 
  ----------------------
6| 3 2 7 | 8 5 4 | 1 6 9 
7| 9 6 8 | 7 2 1 | 5 3 4 
8| 4 1 5 | 9 6 3 | 2 8 7 

64 [main] INFO  pl.kompo.model.SudokuBoardTest  -    0 1 2   3 4 5   6 7 8
  ----------------------
0| 3 4 5 | 7 2 6 | 8 9 1 
1| 1 9 2 | 3 4 8 | 5 6 7 
2| 6 7 8 | 5 9 1 | 4 2 3 
  ----------------------
3| 8 6 3 | 9 1 7 | 2 4 5 
4| 7 1 9 | 2 5 4 | 3 8 6 
5| 2 5 4 | 8 6 3 | 7 1 9 
  ----------------------
6| 4 8 6 | 1 3 5 | 9 7 2 
7| 9 3 7 | 6 8 2 | 1 5 4 
8| 5 2 1 | 4 7 9 | 6 3 8 

73 [main] INFO  pl.kompo.model.SudokuBoardTest  -    0 1 2   3 4 5   6 7 8
  ----------------------
0| 8 2 1 | 3 4 9 | 7 5 6 
1| 7 6 3 | 5 8 1 | 4 9 2 
2| 4 5 9 | 7 2 6 | 3 8 1 
  ----------------------
3| 9 1 4 | 8 6 5 | 2 3 7 
4| 2 8 5 | 4 7 3 | 6 1 9 
5| 3 7 6 | 1 9 2 | 5 4 8 
  ----------------------
6| 5 9 7 | 6 1 4 | 8 2 3 
7| 1 3 8 | 2 5 7 | 9 6 4 
8| 6 4 2 | 9 3 8 | 1 7 5 

82 [main] INFO  pl.kompo.model.SudokuBoardTest  -    0 1 2   3 4 5   6 7 8
  ----------------------
0| 2 4 5 | 1 6 3 | 9 7 8 
1| 9 6 7 | 8 2 4 | 1 3 5 
2| 8 1 3 | 9 5 7 | 4 6 2 
  ----------------------
3| 1 2 6 | 3 8 9 | 5 4 7 
4| 7 3 8 | 2 4 5 | 6 9 1 
5| 4 5 9 | 6 7 1 | 2 8 3 
  ----------------------
6| 5 9 1 | 4 3 8 | 7 2 6 
7| 6 8 4 | 7 1 2 | 3 5 9 
8| 3 7 2 | 5 9 6 | 8 1 4 

0 [main] INFO  pl.kompo.model.FileSudokuBoardDao  - Resources closed
4 [main] INFO  pl.kompo.model.FileSudokuBoardDao  - Resources closed
8 [main] INFO  pl.kompo.model.SudokuBoardTest  -    0 1 2   3 4 5   6 7 8
  ----------------------
0| 8 6 9 | 1 5 2 | 7 3 4 
1| 7 2 1 | 3 6 4 | 8 5 9 
2| 3 4 5 | 7 8 9 | 6 1 2 
  ----------------------
3| 1 8 6 | 4 2 3 | 9 7 5 
4| 9 3 2 | 5 7 1 | 4 6 8 
5| 4 5 7 | 6 9 8 | 3 2 1 
  ----------------------
6| 2 1 3 | 8 4 6 | 5 9 7 
7| 5 9 8 | 2 3 7 | 1 4 6 
8| 6 7 4 | 9 1 5 | 2 8 3 

10 [main] INFO  pl.kompo.model.SudokuBoardTest  -    0 1 2   3 4 5   6 7 8
  ----------------------
0| 4 1 2 | 8 6 5 | 3 7 9 
1| 9 3 7 | 1 2 4 | 6 5 8 
2| 5 8 6 | 3 7 9 | 1 2 4 
  ----------------------
3| 2 4 3 | 6 5 1 | 8 9 7 
4| 6 5 8 | 7 9 2 | 4 3 1 
5| 7 9 1 | 4 3 8 | 5 6 2 
  ----------------------
6| 8 2 5 | 9 1 3 | 7 4 6 
7| 1 6 9 | 5 4 7 | 2 8 3 
8| 3 7 4 | 2 8 6 | 9 1 5 

13 [main] INFO  pl.kompo.model.SudokuBoardTest  -    0 1 2   3 4 5   6 7 8
  ----------------------
0| 7 6 8 | 4 9 1 | 3 5 2 
1| 9 3 4 | 6 2 5 | 7 1 8 
2| 5 1 2 | 7 8 3 | 4 6 9 
  ----------------------
3| 4 7 3 | 5 6 8 | 9 2 1 
4| 6 2 9 | 1 7 4 | 5 8 3 
5| 8 5 1 | 9 3 2 | 6 4 7 
  ----------------------
6| 1 4 7 | 8 5 9 | 2 3 6 
7| 2 8 6 | 3 4 7 | 1 9 5 
8| 3 9 5 | 2 1 6 | 8 7 4 

16 [main] INFO  pl.kompo.model.SudokuBoardTest  -    0 1 2   3 4 5   6 7 8
  ----------------------
0| 7 9 2 | 8 1 3 | 4 5 6 
1| 3 4 6 | 5 7 2 | 1 8 9 
2| 5 8 1 | 4 9 6 | 7 2 3 
  ----------------------
3| 6 2 3 | 9 8 4 | 5 1 7 
4| 9 7 8 | 3 5 1 | 6 4 2 
5| 1 5 4 | 2 6 7 | 9 3 8 
  ----------------------
6| 8 6 7 | 1 3 5 | 2 9 4 
7| 2 1 9 | 6 4 8 | 3 7 5 
8| 4 3 5 | 7 2 9 | 8 6 1 

18 [main] INFO  pl.kompo.model.SudokuBoardTest  -    0 1 2   3 4 5   6 7 8
  ----------------------
0| 5 7 4 | 3 6 8 | 9 1 2 
1| 2 6 8 | 9 4 1 | 5 3 7 
2| 3 9 1 | 5 7 2 | 4 8 6 
  ----------------------
3| 9 3 2 | 8 5 4 | 6 7 1 
4| 8 4 6 | 7 1 9 | 2 5 3 
5| 1 5 7 | 2 3 6 | 8 9 4 
  ----------------------
6| 4 8 9 | 1 2 3 | 7 6 5 
7| 6 1 5 | 4 8 7 | 3 2 9 
8| 7 2 3 | 6 9 5 | 1 4 8 

21 [main] INFO  pl.kompo.model.SudokuBoardTest  -    0 1 2   3 4 5   6 7 8
  ----------------------
0| 7 6 2 | 8 3 5 | 9 1 4 
1| 3 8 4 | 9 6 1 | 2 5 7 
2| 5 9 1 | 7 4 2 | 3 6 8 
  ----------------------
3| 4 2 7 | 1 5 3 | 6 8 9 
4| 6 3 5 | 2 8 9 | 4 7 1 
5| 8 1 9 | 6 7 4 | 5 2 3 
  ----------------------
6| 9 7 6 | 3 2 8 | 1 4 5 
7| 1 4 8 | 5 9 6 | 7 3 2 
8| 2 5 3 | 4 1 7 | 8 9 6 

23 [main] INFO  pl.kompo.model.SudokuBoardTest  -    0 1 2   3 4 5   6 7 8
  ----------------------
0| 4 3 8 | 6 7 9 | 1 2 5 
1| 5 2 6 | 3 4 1 | 7 8 9 
2| 7 9 1 | 8 2 5 | 3 4 6 
  ----------------------
3| 8 4 2 | 5 6 3 | 9 1 7 
4| 9 7 5 | 1 8 2 | 4 6 3 
5| 6 1 3 | 4 9 7 | 8 5 2 
  ----------------------
6| 3 5 9 | 2 1 8 | 6 7 4 
7| 1 6 7 | 9 5 4 | 2 3 8 
8| 2 8 4 | 7 3 6 | 5 9 1 

25 [main] INFO  pl.kompo.model.SudokuBoardTest  -    0 1 2   3 4 5   6 7 8
  ----------------------
0| 9 4 2 | 3 5 6 | 1 7 8 
1| 6 5 7 | 8 9 1 | 2 3 4 
2| 8 1 3 | 7 4 2 | 5 9 6 
  ----------------------
3| 1 7 5 | 9 2 8 | 4 6 3 
4| 2 8 4 | 6 1 3 | 9 5 7 
5| 3 6 9 | 5 7 4 | 8 1 2 
  ----------------------
6| 4 2 6 | 1 3 5 | 7 8 9 
7| 5 9 8 | 2 6 7 | 3 4 1 
8| 7 3 1 | 4 8 9 | 6 2 5 

29 [main] INFO  pl.kompo.model.SudokuBoardTest  -    0 1 2   3 4 5   6 7 8
  ----------------------
0| 6 4 9 | 8 7 5 | 3 1 2 
1| 1 7 5 | 3 9 2 | 4 6 8 
2| 8 2 3 | 1 4 6 | 5 7 9 
  ----------------------
3| 3 5 2 | 7 1 8 | 6 9 4 
4| 7 9 1 | 2 6 4 | 8 3 5 
5| 4 6 8 | 5 3 9 | 7 2 1 
  ----------------------
6| 2 1 4 | 6 5 7 | 9 8 3 
7| 5 8 6 | 9 2 3 | 1 4 7 
8| 9 3 7 | 4 8 1 | 2 5 6 

31 [main] INFO  pl.kompo.model.SudokuBoardTest  -    0 1 2   3 4 5   6 7 8
  ----------------------
0| 1 5 6 | 4 7 2 | 3 8 9 
1| 8 9 2 | 1 3 5 | 4 6 7 
2| 3 7 4 | 8 6 9 | 2 1 5 
  ----------------------
3| 2 3 5 | 7 8 1 | 9 4 6 
4| 4 6 7 | 9 5 3 | 8 2 1 
5| 9 8 1 | 6 2 4 | 5 7 3 
  ----------------------
6| 5 1 8 | 2 9 6 | 7 3 4 
7| 6 2 9 | 3 4 7 | 1 5 8 
8| 7 4 3 | 5 1 8 | 6 9 2 

33 [main] INFO  pl.kompo.model.SudokuBoardTest  -    0 1 2   3 4 5   6 7 8
  ----------------------
0| 6 2 1 | 3 4 5 | 7 8 9 
1| 7 3 8 | 6 9 1 | 2 5 4 
2| 4 5 9 | 7 8 2 | 1 3 6 
  ----------------------
3| 2 4 3 | 9 1 7 | 8 6 5 
4| 8 6 5 | 4 2 3 | 9 1 7 
5| 9 1 7 | 5 6 8 | 3 4 2 
  ----------------------
6| 1 7 2 | 8 5 4 | 6 9 3 
7| 3 9 4 | 1 7 6 | 5 2 8 
8| 5 8 6 | 2 3 9 | 4 7 1 

34 [main] INFO  pl.kompo.model.SudokuBoardTest  -    0 1 2   3 4 5   6 7 8
  ----------------------
0| 5 6 3 | 7 4 8 | 9 1 2 
1| 8 9 2 | 1 5 3 | 4 6 7 
2| 4 7 1 | 9 2 6 | 8 3 5 
  ----------------------
3| 3 2 8 | 4 6 5 | 7 9 1 
4| 6 4 7 | 8 9 1 | 5 2 3 
5| 9 1 5 | 2 3 7 | 6 4 8 
  ----------------------
6| 7 8 4 | 6 1 2 | 3 5 9 
7| 1 3 6 | 5 8 9 | 2 7 4 
8| 2 5 9 | 3 7 4 | 1 8 6 

37 [main] INFO  pl.kompo.model.SudokuBoardTest  -    0 1 2   3 4 5   6 7 8
  ----------------------
0| 7 8 4 | 9 1 6 | 2 3 5 
1| 6 1 5 | 2 7 3 | 4 8 9 
2| 3 9 2 | 4 5 8 | 6 7 1 
  ----------------------
3| 5 2 6 | 3 8 9 | 1 4 7 
4| 8 3 7 | 1 4 2 | 5 9 6 
5| 9 4 1 | 5 6 7 | 8 2 3 
  ----------------------
6| 1 6 3 | 8 9 4 | 7 5 2 
7| 4 5 9 | 7 2 1 | 3 6 8 
8| 2 7 8 | 6 3 5 | 9 1 4 

41 [main] INFO  pl.kompo.model.SudokuBoardTest  -    0 1 2   3 4 5   6 7 8
  ----------------------
0| 1 3 4 | 8 5 6 | 7 2 9 
1| 2 5 7 | 1 9 3 | 8 4 6 
2| 6 8 9 | 4 2 7 | 1 5 3 
  ----------------------
3| 3 7 5 | 6 1 8 | 2 9 4 
4| 8 1 2 | 3 4 9 | 5 6 7 
5| 4 9 6 | 2 7 5 | 3 1 8 
  ----------------------
6| 7 2 1 | 9 8 4 | 6 3 5 
7| 5 4 3 | 7 6 1 | 9 8 2 
8| 9 6 8 | 5 3 2 | 4 7 1 

0 [main] INFO  pl.kompo.model.FileSudokuBoardDao  - Resources closed
3 [main] INFO  pl.kompo.model.FileSudokuBoardDao  - Resources closed
7 [main] INFO  pl.kompo.model.SudokuBoardTest  -    0 1 2   3 4 5   6 7 8
  ----------------------
0| 6 8 9 | 2 7 1 | 3 4 5 
1| 1 2 7 | 3 4 5 | 6 9 8 
2| 3 4 5 | 8 6 9 | 1 2 7 
  ----------------------
3| 4 5 6 | 9 1 7 | 8 3 2 
4| 7 9 8 | 5 2 3 | 4 6 1 
5| 2 3 1 | 4 8 6 | 5 7 9 
  ----------------------
6| 8 6 2 | 7 5 4 | 9 1 3 
7| 5 1 3 | 6 9 2 | 7 8 4 
8| 9 7 4 | 1 3 8 | 2 5 6 

9 [main] INFO  pl.kompo.model.SudokuBoardTest  -    0 1 2   3 4 5   6 7 8
  ----------------------
0| 9 4 3 | 1 5 8 | 2 6 7 
1| 1 2 5 | 3 7 6 | 4 8 9 
2| 6 7 8 | 9 2 4 | 1 3 5 
  ----------------------
3| 8 6 4 | 2 9 7 | 3 5 1 
4| 2 5 7 | 6 3 1 | 8 9 4 
5| 3 9 1 | 8 4 5 | 6 7 2 
  ----------------------
6| 4 8 6 | 5 1 9 | 7 2 3 
7| 7 3 9 | 4 6 2 | 5 1 8 
8| 5 1 2 | 7 8 3 | 9 4 6 

11 [main] INFO  pl.kompo.model.SudokuBoardTest  -    0 1 2   3 4 5   6 7 8
  ----------------------
0| 9 5 1 | 4 8 6 | 2 3 7 
1| 6 7 8 | 1 2 3 | 4 5 9 
2| 2 3 4 | 7 5 9 | 6 8 1 
  ----------------------
3| 1 8 6 | 3 4 5 | 7 9 2 
4| 3 9 2 | 6 7 8 | 5 1 4 
5| 5 4 7 | 9 1 2 | 8 6 3 
  ----------------------
6| 8 6 3 | 2 9 4 | 1 7 5 
7| 7 2 5 | 8 3 1 | 9 4 6 
8| 4 1 9 | 5 6 7 | 3 2 8 

14 [main] INFO  pl.kompo.model.SudokuBoardTest  -    0 1 2   3 4 5   6 7 8
  ----------------------
0| 8 6 5 | 1 2 3 | 4 7 9 
1| 7 2 9 | 8 4 5 | 3 1 6 
2| 1 3 4 | 6 7 9 | 5 8 2 
  ----------------------
3| 5 9 1 | 7 3 4 | 6 2 8 
4| 2 7 6 | 9 5 8 | 1 3 4 
5| 3 4 8 | 2 6 1 | 7 9 5 
  ----------------------
6| 9 5 7 | 3 8 6 | 2 4 1 
7| 4 8 2 | 5 1 7 | 9 6 3 
8| 6 1 3 | 4 9 2 | 8 5 7 

16 [main] INFO  pl.kompo.model.SudokuBoardTest  -    0 1 2   3 4 5   6 7 8
  ----------------------
0| 1 2 3 | 4 7 5 | 6 8 9 
1| 4 5 9 | 2 8 6 | 1 7 3 
2| 8 6 7 | 9 3 1 | 2 4 5 
  ----------------------
3| 7 9 5 | 1 2 3 | 4 6 8 
4| 2 8 1 | 5 6 4 | 9 3 7 
5| 3 4 6 | 7 9 8 | 5 1 2 
  ----------------------
6| 5 1 8 | 3 4 2 | 7 9 6 
7| 6 7 4 | 8 5 9 | 3 2 1 
8| 9 3 2 | 6 1 7 | 8 5 4 

21 [main] INFO  pl.kompo.model.SudokuBoardTest  -    0 1 2   3 4 5   6 7 8
  ----------------------
0| 5 7 6 | 8 9 4 | 1 2 3 
1| 9 2 3 | 1 5 7 | 8 4 6 
2| 8 1 4 | 6 2 3 | 5 9 7 
  ----------------------
3| 7 9 1 | 2 3 8 | 4 6 5 
4| 2 3 8 | 4 6 5 | 9 7 1 
5| 4 6 5 | 7 1 9 | 2 3 8 
  ----------------------
6| 6 8 9 | 3 4 1 | 7 5 2 
7| 1 4 2 | 5 7 6 | 3 8 9 
8| 3 5 7 | 9 8 2 | 6 1 4 

24 [main] INFO  pl.kompo.model.SudokuBoardTest  -    0 1 2   3 4 5   6 7 8
  ----------------------
0| 3 2 4 | 1 5 7 | 6 9 8 
1| 6 1 5 | 4 8 9 | 2 3 7 
2| 7 9 8 | 6 2 3 | 1 4 5 
  ----------------------
3| 4 7 6 | 5 3 1 | 8 2 9 
4| 2 3 9 | 7 4 8 | 5 1 6 
5| 5 8 1 | 2 9 6 | 3 7 4 
  ----------------------
6| 8 5 3 | 9 7 2 | 4 6 1 
7| 9 6 2 | 8 1 4 | 7 5 3 
8| 1 4 7 | 3 6 5 | 9 8 2 

27 [main] INFO  pl.kompo.model.SudokuBoardTest  -    0 1 2   3 4 5   6 7 8
  ----------------------
0| 3 6 7 | 8 4 9 | 1 2 5 
1| 4 1 8 | 5 3 2 | 6 7 9 
2| 9 5 2 | 7 6 1 | 8 3 4 
  ----------------------
3| 5 4 3 | 6 7 8 | 2 9 1 
4| 1 7 9 | 4 2 5 | 3 6 8 
5| 2 8 6 | 9 1 3 | 4 5 7 
  ----------------------
6| 6 9 1 | 2 5 4 | 7 8 3 
7| 7 3 5 | 1 8 6 | 9 4 2 
8| 8 2 4 | 3 9 7 | 5 1 6 

30 [main] INFO  pl.kompo.model.SudokuBoardTest  -    0 1 2   3 4 5   6 7 8
  ----------------------
0| 6 9 1 | 8 2 7 | 3 4 5 
1| 2 3 5 | 4 6 1 | 8 7 9 
2| 7 4 8 | 9 3 5 | 2 6 1 
  ----------------------
3| 9 1 4 | 5 7 8 | 6 2 3 
4| 3 6 7 | 1 4 2 | 9 5 8 
5| 5 8 2 | 3 9 6 | 4 1 7 
  ----------------------
6| 1 2 6 | 7 8 9 | 5 3 4 
7| 4 5 9 | 2 1 3 | 7 8 6 
8| 8 7 3 | 6 5 4 | 1 9 2 

32 [main] INFO  pl.kompo.model.SudokuBoardTest  -    0 1 2   3 4 5   6 7 8
  ----------------------
0| 1 2 3 | 5 9 4 | 6 7 8 
1| 4 9 7 | 2 8 6 | 5 1 3 
2| 6 8 5 | 1 7 3 | 2 9 4 
  ----------------------
3| 8 1 9 | 6 4 2 | 3 5 7 
4| 2 7 4 | 8 3 5 | 9 6 1 
5| 3 5 6 | 7 1 9 | 4 8 2 
  ----------------------
6| 5 6 8 | 4 2 1 | 7 3 9 
7| 9 4 1 | 3 5 7 | 8 2 6 
8| 7 3 2 | 9 6 8 | 1 4 5 

35 [main] INFO  pl.kompo.model.SudokuBoardTest  -    0 1 2   3 4 5   6 7 8
  ----------------------
0| 6 7 4 | 8 9 1 | 5 2 3 
1| 3 9 1 | 7 5 2 | 4 6 8 
2| 5 2 8 | 3 4 6 | 7 9 1 
  ----------------------
3| 9 4 7 | 5 6 8 | 1 3 2 
4| 8 3 2 | 9 1 4 | 6 5 7 
5| 1 6 5 | 2 7 3 | 8 4 9 
  ----------------------
6| 2 5 9 | 4 8 7 | 3 1 6 
7| 4 8 6 | 1 3 9 | 2 7 5 
8| 7 1 3 | 6 2 5 | 9 8 4 

36 [main] INFO  pl.kompo.model.SudokuBoardTest  -    0 1 2   3 4 5   6 7 8
  ----------------------
0| 3 7 5 | 9 1 8 | 6 4 2 
1| 8 4 9 | 7 2 6 | 3 1 5 
2| 1 2 6 | 3 4 5 | 7 8 9 
  ----------------------
3| 4 9 1 | 8 3 7 | 5 2 6 
4| 5 6 7 | 1 9 2 | 8 3 4 
5| 2 8 3 | 5 6 4 | 9 7 1 
  ----------------------
6| 9 3 2 | 6 7 1 | 4 5 8 
7| 6 1 8 | 4 5 3 | 2 9 7 
8| 7 5 4 | 2 8 9 | 1 6 3 

43 [main] INFO  pl.kompo.model.SudokuBoardTest  -    0 1 2   3 4 5   6 7 8
  ----------------------
0| 2 7 9 | 6 8 3 | 4 5 1 
1| 1 5 8 | 2 9 4 | 3 6 7 
2| 3 4 6 | 1 5 7 | 9 8 2 
  ----------------------
3| 6 9 5 | 7 1 2 | 8 3 4 
4| 7 8 2 | 3 4 5 | 6 1 9 
5| 4 3 1 | 8 6 9 | 2 7 5 
  ----------------------
6| 5 1 3 | 9 2 6 | 7 4 8 
7| 8 2 7 | 4 3 1 | 5 9 6 
8| 9 6 4 | 5 7 8 | 1 2 3 

59 [main] INFO  pl.kompo.model.SudokuBoardTest  -    0 1 2   3 4 5   6 7 8
  ----------------------
0| 1 5 6 | 2 8 3 | 7 9 4 
1| 7 8 9 | 1 5 4 | 6 2 3 
2| 2 3 4 | 6 9 7 | 8 5 1 
  ----------------------
3| 9 7 1 | 3 4 2 | 5 6 8 
4| 8 2 3 | 5 6 9 | 1 4 7 
5| 4 6 5 | 8 7 1 | 9 3 2 
  ----------------------
6| 5 1 8 | 4 2 6 | 3 7 9 
7| 6 4 7 | 9 3 8 | 2 1 5 
8| 3 9 2 | 7 1 5 | 4 8 6 

0 [main] INFO  pl.kompo.model.FileSudokuBoardDao  - Resources closed
6 [main] INFO  pl.kompo.model.FileSudokuBoardDao  - Resources closed
17 [main] INFO  pl.kompo.model.SudokuBoardTest  -    0 1 2   3 4 5   6 7 8
  ----------------------
0| 9 2 3 | 8 4 1 | 5 6 7 
1| 1 8 5 | 6 9 7 | 2 3 4 
2| 6 4 7 | 2 3 5 | 9 8 1 
  ----------------------
3| 5 6 9 | 1 7 2 | 8 4 3 
4| 2 1 8 | 3 5 4 | 6 7 9 
5| 7 3 4 | 9 6 8 | 1 2 5 
  ----------------------
6| 3 9 1 | 7 8 6 | 4 5 2 
7| 4 7 6 | 5 2 9 | 3 1 8 
8| 8 5 2 | 4 1 3 | 7 9 6 

20 [main] INFO  pl.kompo.model.SudokuBoardTest  -    0 1 2   3 4 5   6 7 8
  ----------------------
0| 4 6 3 | 2 7 9 | 8 1 5 
1| 7 5 9 | 1 6 8 | 2 3 4 
2| 8 1 2 | 3 4 5 | 6 7 9 
  ----------------------
3| 6 4 8 | 5 9 7 | 1 2 3 
4| 9 2 1 | 4 3 6 | 5 8 7 
5| 5 3 7 | 8 1 2 | 9 4 6 
  ----------------------
6| 1 9 4 | 6 8 3 | 7 5 2 
7| 2 8 6 | 7 5 4 | 3 9 1 
8| 3 7 5 | 9 2 1 | 4 6 8 

26 [main] INFO  pl.kompo.model.SudokuBoardTest  -    0 1 2   3 4 5   6 7 8
  ----------------------
0| 9 6 5 | 1 8 2 | 3 7 4 
1| 3 1 7 | 6 5 4 | 2 8 9 
2| 4 2 8 | 9 3 7 | 5 1 6 
  ----------------------
3| 5 7 4 | 8 6 3 | 9 2 1 
4| 6 8 9 | 2 4 1 | 7 3 5 
5| 2 3 1 | 5 7 9 | 6 4 8 
  ----------------------
6| 1 9 6 | 7 2 8 | 4 5 3 
7| 7 5 3 | 4 1 6 | 8 9 2 
8| 8 4 2 | 3 9 5 | 1 6 7 

31 [main] INFO  pl.kompo.model.SudokuBoardTest  -    0 1 2   3 4 5   6 7 8
  ----------------------
0| 3 1 2 | 6 4 7 | 8 5 9 
1| 9 5 4 | 8 1 2 | 3 7 6 
2| 6 7 8 | 3 9 5 | 2 1 4 
  ----------------------
3| 8 6 5 | 9 7 1 | 4 2 3 
4| 1 9 7 | 4 2 3 | 5 6 8 
5| 2 4 3 | 5 6 8 | 1 9 7 
  ----------------------
6| 7 8 6 | 2 5 4 | 9 3 1 
7| 4 2 9 | 1 3 6 | 7 8 5 
8| 5 3 1 | 7 8 9 | 6 4 2 

33 [main] INFO  pl.kompo.model.SudokuBoardTest  -    0 1 2   3 4 5   6 7 8
  ----------------------
0| 9 7 8 | 1 2 3 | 5 4 6 
1| 6 3 1 | 4 5 7 | 8 9 2 
2| 2 4 5 | 6 8 9 | 1 7 3 
  ----------------------
3| 4 2 9 | 3 1 8 | 6 5 7 
4| 7 5 6 | 2 9 4 | 3 8 1 
5| 1 8 3 | 5 7 6 | 9 2 4 
  ----------------------
6| 3 9 2 | 7 6 5 | 4 1 8 
7| 5 1 4 | 8 3 2 | 7 6 9 
8| 8 6 7 | 9 4 1 | 2 3 5 

36 [main] INFO  pl.kompo.model.SudokuBoardTest  -    0 1 2   3 4 5   6 7 8
  ----------------------
0| 7 4 8 | 1 6 9 | 2 3 5 
1| 1 9 2 | 8 5 3 | 7 4 6 
2| 5 3 6 | 4 2 7 | 8 9 1 
  ----------------------
3| 8 1 7 | 3 9 2 | 5 6 4 
4| 9 2 3 | 5 4 6 | 1 7 8 
5| 4 6 5 | 7 1 8 | 9 2 3 
  ----------------------
6| 2 5 9 | 6 8 4 | 3 1 7 
7| 3 8 4 | 9 7 1 | 6 5 2 
8| 6 7 1 | 2 3 5 | 4 8 9 

42 [main] INFO  pl.kompo.model.SudokuBoardTest  -    0 1 2   3 4 5   6 7 8
  ----------------------
0| 2 1 8 | 9 3 4 | 7 5 6 
1| 3 4 7 | 1 5 6 | 2 8 9 
2| 9 5 6 | 2 7 8 | 1 3 4 
  ----------------------
3| 7 6 5 | 8 9 1 | 3 4 2 
4| 8 9 1 | 3 4 2 | 5 6 7 
5| 4 3 2 | 5 6 7 | 8 9 1 
  ----------------------
6| 5 8 4 | 7 1 9 | 6 2 3 
7| 6 7 3 | 4 2 5 | 9 1 8 
8| 1 2 9 | 6 8 3 | 4 7 5 

44 [main] INFO  pl.kompo.model.SudokuBoardTest  -    0 1 2   3 4 5   6 7 8
  ----------------------
0| 5 6 9 | 1 7 2 | 4 8 3 
1| 8 7 1 | 9 4 3 | 5 6 2 
2| 2 3 4 | 5 8 6 | 7 9 1 
  ----------------------
3| 3 8 5 | 6 9 4 | 1 2 7 
4| 4 9 2 | 3 1 7 | 6 5 8 
5| 6 1 7 | 2 5 8 | 3 4 9 
  ----------------------
6| 1 2 3 | 4 6 9 | 8 7 5 
7| 7 5 6 | 8 2 1 | 9 3 4 
8| 9 4 8 | 7 3 5 | 2 1 6 

48 [main] INFO  pl.kompo.model.SudokuBoardTest  -    0 1 2   3 4 5   6 7 8
  ----------------------
0| 2 9 6 | 5 8 1 | 7 3 4 
1| 4 5 1 | 9 3 7 | 2 6 8 
2| 7 8 3 | 6 2 4 | 5 9 1 
  ----------------------
3| 8 6 4 | 3 1 5 | 9 7 2 
4| 9 2 5 | 7 4 6 | 8 1 3 
5| 3 1 7 | 8 9 2 | 4 5 6 
  ----------------------
6| 1 3 2 | 4 5 9 | 6 8 7 
7| 5 7 8 | 2 6 3 | 1 4 9 
8| 6 4 9 | 1 7 8 | 3 2 5 

50 [main] INFO  pl.kompo.model.SudokuBoardTest  -    0 1 2   3 4 5   6 7 8
  ----------------------
0| 3 9 1 | 7 6 2 | 8 4 5 
1| 4 2 5 | 8 9 3 | 1 7 6 
2| 7 6 8 | 1 4 5 | 3 9 2 
  ----------------------
3| 5 4 6 | 9 1 7 | 2 8 3 
4| 1 3 9 | 2 5 8 | 4 6 7 
5| 2 8 7 | 4 3 6 | 5 1 9 
  ----------------------
6| 6 1 2 | 3 7 4 | 9 5 8 
7| 8 5 4 | 6 2 9 | 7 3 1 
8| 9 7 3 | 5 8 1 | 6 2 4 

53 [main] INFO  pl.kompo.model.SudokuBoardTest  -    0 1 2   3 4 5   6 7 8
  ----------------------
0| 6 8 1 | 4 9 2 | 7 5 3 
1| 9 3 2 | 5 7 6 | 8 1 4 
2| 4 5 7 | 8 1 3 | 9 2 6 
  ----------------------
3| 2 4 5 | 6 8 7 | 1 3 9 
4| 1 6 8 | 9 3 4 | 2 7 5 
5| 3 7 9 | 1 2 5 | 4 6 8 
  ----------------------
6| 7 2 4 | 3 5 8 | 6 9 1 
7| 8 9 3 | 7 6 1 | 5 4 2 
8| 5 1 6 | 2 4 9 | 3 8 7 

55 [main] INFO  pl.kompo.model.SudokuBoardTest  -    0 1 2   3 4 5   6 7 8
  ----------------------
0| 3 7 2 | 8 5 9 | 4 6 1 
1| 1 4 5 | 3 2 6 | 7 8 9 
2| 6 8 9 | 1 4 7 | 2 3 5 
  ----------------------
3| 9 1 3 | 2 6 8 | 5 4 7 
4| 8 2 6 | 4 7 5 | 9 1 3 
5| 4 5 7 | 9 1 3 | 8 2 6 
  ----------------------
6| 2 3 8 | 5 9 1 | 6 7 4 
7| 7 9 1 | 6 8 4 | 3 5 2 
8| 5 6 4 | 7 3 2 | 1 9 8 

59 [main] INFO  pl.kompo.model.SudokuBoardTest  -    0 1 2   3 4 5   6 7 8
  ----------------------
0| 7 8 1 | 9 2 4 | 3 5 6 
1| 2 6 9 | 3 1 5 | 4 7 8 
2| 3 4 5 | 6 7 8 | 2 9 1 
  ----------------------
3| 9 5 6 | 8 4 2 | 1 3 7 
4| 8 7 4 | 1 9 3 | 5 6 2 
5| 1 2 3 | 5 6 7 | 8 4 9 
  ----------------------
6| 6 3 2 | 4 8 9 | 7 1 5 
7| 4 9 7 | 2 5 1 | 6 8 3 
8| 5 1 8 | 7 3 6 | 9 2 4 

62 [main] INFO  pl.kompo.model.SudokuBoardTest  -    0 1 2   3 4 5   6 7 8
  ----------------------
0| 5 6 7 | 8 3 9 | 1 4 2 
1| 8 9 1 | 4 2 5 | 3 6 7 
2| 2 3 4 | 6 7 1 | 8 9 5 
  ----------------------
3| 3 1 5 | 7 4 2 | 6 8 9 
4| 7 2 6 | 9 8 3 | 4 5 1 
5| 9 4 8 | 1 5 6 | 2 7 3 
  ----------------------
6| 1 7 9 | 2 6 8 | 5 3 4 
7| 4 8 3 | 5 1 7 | 9 2 6 
8| 6 5 2 | 3 9 4 | 7 1 8 

0 [main] INFO  pl.kompo.model.SudokuBoardTest  -    0 1 2   3 4 5   6 7 8
  ----------------------
0| 9 2 4 | 6 1 8 | 3 5 7 
1| 5 1 8 | 9 7 3 | 4 6 2 
2| 3 6 7 | 2 5 4 | 8 9 1 
  ----------------------
3| 1 4 6 | 7 8 9 | 2 3 5 
4| 7 5 9 | 1 3 2 | 6 4 8 
5| 8 3 2 | 4 6 5 | 7 1 9 
  ----------------------
6| 2 7 5 | 3 9 6 | 1 8 4 
7| 4 8 3 | 5 2 1 | 9 7 6 
8| 6 9 1 | 8 4 7 | 5 2 3 

9 [main] INFO  pl.kompo.model.SudokuBoardTest  -    0 1 2   3 4 5   6 7 8
  ----------------------
0| 8 6 9 | 1 7 2 | 3 4 5 
1| 2 1 3 | 4 5 6 | 7 9 8 
2| 4 7 5 | 3 8 9 | 1 2 6 
  ----------------------
3| 7 3 2 | 5 6 1 | 9 8 4 
4| 5 4 8 | 2 9 7 | 6 1 3 
5| 1 9 6 | 8 3 4 | 2 5 7 
  ----------------------
6| 9 2 7 | 6 4 5 | 8 3 1 
7| 3 5 1 | 7 2 8 | 4 6 9 
8| 6 8 4 | 9 1 3 | 5 7 2 

15 [main] INFO  pl.kompo.model.SudokuBoardTest  -    0 1 2   3 4 5   6 7 8
  ----------------------
0| 3 8 4 | 9 1 5 | 6 7 2 
1| 6 5 7 | 3 8 2 | 9 1 4 
2| 9 1 2 | 4 6 7 | 3 5 8 
  ----------------------
3| 1 9 3 | 8 2 4 | 5 6 7 
4| 2 7 5 | 6 9 1 | 4 8 3 
5| 4 6 8 | 5 7 3 | 1 2 9 
  ----------------------
6| 5 2 6 | 7 3 9 | 8 4 1 
7| 7 4 9 | 1 5 8 | 2 3 6 
8| 8 3 1 | 2 4 6 | 7 9 5 

23 [main] INFO  pl.kompo.model.SudokuBoardTest  -    0 1 2   3 4 5   6 7 8
  ----------------------
0| 2 3 4 | 5 9 6 | 1 7 8 
1| 5 6 9 | 7 1 8 | 2 3 4 
2| 7 8 1 | 4 2 3 | 5 9 6 
  ----------------------
3| 3 9 8 | 6 4 1 | 7 5 2 
4| 1 4 7 | 2 5 9 | 6 8 3 
5| 6 5 2 | 8 3 7 | 9 4 1 
  ----------------------
6| 4 1 5 | 9 8 2 | 3 6 7 
7| 8 2 6 | 3 7 5 | 4 1 9 
8| 9 7 3 | 1 6 4 | 8 2 5 

25 [main] INFO  pl.kompo.model.SudokuBoardTest  -    0 1 2   3 4 5   6 7 8
  ----------------------
0| 1 9 2 | 6 3 5 | 8 7 4 
1| 3 4 5 | 2 7 8 | 9 6 1 
2| 6 7 8 | 1 9 4 | 2 3 5 
  ----------------------
3| 7 3 6 | 5 1 9 | 4 8 2 
4| 8 5 9 | 7 4 2 | 3 1 6 
5| 2 1 4 | 3 8 6 | 5 9 7 
  ----------------------
6| 4 6 3 | 8 5 7 | 1 2 9 
7| 9 8 7 | 4 2 1 | 6 5 3 
8| 5 2 1 | 9 6 3 | 7 4 8 

27 [main] INFO  pl.kompo.model.SudokuBoardTest  -    0 1 2   3 4 5   6 7 8
  ----------------------
0| 8 6 3 | 1 4 2 | 5 7 9 
1| 4 2 5 | 3 9 7 | 6 8 1 
2| 9 7 1 | 8 5 6 | 2 3 4 
  ----------------------
3| 1 5 4 | 2 3 8 | 7 9 6 
4| 7 9 2 | 5 6 1 | 3 4 8 
5| 6 3 8 | 9 7 4 | 1 5 2 
  ----------------------
6| 5 8 6 | 4 1 3 | 9 2 7 
7| 2 1 9 | 7 8 5 | 4 6 3 
8| 3 4 7 | 6 2 9 | 8 1 5 

32 [main] INFO  pl.kompo.model.SudokuBoardTest  -    0 1 2   3 4 5   6 7 8
  ----------------------
0| 6 8 2 | 7 4 3 | 5 1 9 
1| 5 9 1 | 8 6 2 | 7 3 4 
2| 4 7 3 | 9 5 1 | 6 8 2 
  ----------------------
3| 2 1 6 | 3 9 7 | 8 4 5 
4| 3 4 7 | 1 8 5 | 9 2 6 
5| 8 5 9 | 6 2 4 | 1 7 3 
  ----------------------
6| 1 2 8 | 5 3 6 | 4 9 7 
7| 7 3 5 | 4 1 9 | 2 6 8 
8| 9 6 4 | 2 7 8 | 3 5 1 

36 [main] INFO  pl.kompo.model.SudokuBoardTest  -    0 1 2   3 4 5   6 7 8
  ----------------------
0| 4 8 7 | 6 9 1 | 2 3 5 
1| 1 9 2 | 5 3 4 | 6 7 8 
2| 3 5 6 | 7 8 2 | 9 1 4 
  ----------------------
3| 7 1 8 | 9 4 3 | 5 6 2 
4| 5 2 9 | 1 6 7 | 4 8 3 
5| 6 3 4 | 2 5 8 | 1 9 7 
  ----------------------
6| 8 4 1 | 3 2 9 | 7 5 6 
7| 2 7 5 | 8 1 6 | 3 4 9 
8| 9 6 3 | 4 7 5 | 8 2 1 

41 [main] INFO  pl.kompo.model.SudokuBoardTest  -    0 1 2   3 4 5   6 7 8
  ----------------------
0| 2 4 3 | 7 9 1 | 5 6 8 
1| 1 9 6 | 2 5 8 | 3 7 4 
2| 5 7 8 | 3 4 6 | 9 1 2 
  ----------------------
3| 7 8 9 | 4 1 5 | 2 3 6 
4| 3 1 2 | 6 7 9 | 4 8 5 
5| 4 6 5 | 8 2 3 | 7 9 1 
  ----------------------
6| 6 2 4 | 9 8 7 | 1 5 3 
7| 8 5 7 | 1 3 2 | 6 4 9 
8| 9 3 1 | 5 6 4 | 8 2 7 

44 [main] INFO  pl.kompo.model.SudokuBoardTest  -    0 1 2   3 4 5   6 7 8
  ----------------------
0| 9 7 4 | 1 3 8 | 5 6 2 
1| 8 3 1 | 2 5 6 | 4 7 9 
2| 5 2 6 | 7 4 9 | 8 1 3 
  ----------------------
3| 1 8 7 | 6 9 2 | 3 4 5 
4| 4 5 2 | 8 1 3 | 6 9 7 
5| 6 9 3 | 4 7 5 | 1 2 8 
  ----------------------
6| 7 1 8 | 3 2 4 | 9 5 6 
7| 2 6 9 | 5 8 1 | 7 3 4 
8| 3 4 5 | 9 6 7 | 2 8 1 

61 [main] INFO  pl.kompo.model.SudokuBoardTest  -    0 1 2   3 4 5   6 7 8
  ----------------------
0| 1 8 2 | 9 3 4 | 7 5 6 
1| 6 9 4 | 1 7 5 | 2 3 8 
2| 5 3 7 | 6 8 2 | 9 1 4 
  ----------------------
3| 8 1 9 | 3 2 6 | 4 7 5 
4| 7 6 5 | 4 9 8 | 1 2 3 
5| 4 2 3 | 5 1 7 | 6 8 9 
  ----------------------
6| 2 4 8 | 7 5 9 | 3 6 1 
7| 3 5 6 | 2 4 1 | 8 9 7 
8| 9 7 1 | 8 6 3 | 5 4 2 

63 [main] INFO  pl.kompo.model.SudokuBoardTest  -    0 1 2   3 4 5   6 7 8
  ----------------------
0| 7 9 3 | 1 5 2 | 6 4 8 
1| 1 2 5 | 6 8 4 | 7 9 3 
2| 8 4 6 | 7 9 3 | 2 5 1 
  ----------------------
3| 3 5 1 | 8 4 6 | 9 7 2 
4| 4 6 8 | 9 2 7 | 1 3 5 
5| 9 7 2 | 3 1 5 | 4 8 6 
  ----------------------
6| 2 3 9 | 4 6 8 | 5 1 7 
7| 6 8 4 | 5 7 1 | 3 2 9 
8| 5 1 7 | 2 3 9 | 8 6 4 

66 [main] INFO  pl.kompo.model.SudokuBoardTest  -    0 1 2   3 4 5   6 7 8
  ----------------------
0| 9 3 2 | 6 8 1 | 7 4 5 
1| 7 4 5 | 9 2 3 | 6 8 1 
2| 8 1 6 | 4 5 7 | 9 2 3 
  ----------------------
3| 1 8 9 | 2 6 4 | 3 5 7 
4| 5 2 7 | 3 9 8 | 1 6 4 
5| 3 6 4 | 7 1 5 | 8 9 2 
  ----------------------
6| 6 7 8 | 1 4 2 | 5 3 9 
7| 2 9 3 | 5 7 6 | 4 1 8 
8| 4 5 1 | 8 3 9 | 2 7 6 

91 [main] INFO  pl.kompo.model.SudokuBoardTest  -    0 1 2   3 4 5   6 7 8
  ----------------------
0| 8 1 9 | 2 7 3 | 4 5 6 
1| 6 7 2 | 1 4 5 | 9 3 8 
2| 3 4 5 | 6 8 9 | 7 2 1 
  ----------------------
3| 9 5 3 | 8 6 1 | 2 4 7 
4| 4 8 6 | 7 3 2 | 5 1 9 
5| 7 2 1 | 5 9 4 | 6 8 3 
  ----------------------
6| 5 6 4 | 9 1 8 | 3 7 2 
7| 1 3 7 | 4 2 6 | 8 9 5 
8| 2 9 8 | 3 5 7 | 1 6 4 

0 [main] INFO  pl.kompo.model.FileSudokuBoardDao  - Zasoby zostały zamknięte
5 [main] INFO  pl.kompo.model.FileSudokuBoardDao  - Zasoby zostały zamknięte
11 [main] INFO  pl.kompo.model.SudokuBoardTest  -    0 1 2   3 4 5   6 7 8
  ----------------------
0| 7 5 8 | 9 1 3 | 2 4 6 
1| 2 9 1 | 4 7 6 | 3 8 5 
2| 3 4 6 | 8 5 2 | 9 7 1 
  ----------------------
3| 6 3 9 | 1 2 7 | 4 5 8 
4| 4 7 5 | 6 8 9 | 1 2 3 
5| 1 8 2 | 3 4 5 | 6 9 7 
  ----------------------
6| 5 2 3 | 7 6 4 | 8 1 9 
7| 8 6 7 | 2 9 1 | 5 3 4 
8| 9 1 4 | 5 3 8 | 7 6 2 

14 [main] INFO  pl.kompo.model.SudokuBoardTest  -    0 1 2   3 4 5   6 7 8
  ----------------------
0| 6 5 3 | 9 7 8 | 4 1 2 
1| 1 7 4 | 2 3 5 | 8 6 9 
2| 8 9 2 | 1 4 6 | 7 3 5 
  ----------------------
3| 2 8 1 | 5 9 3 | 6 7 4 
4| 7 6 9 | 8 1 4 | 5 2 3 
5| 3 4 5 | 6 2 7 | 9 8 1 
  ----------------------
6| 4 1 6 | 7 5 2 | 3 9 8 
7| 5 2 7 | 3 8 9 | 1 4 6 
8| 9 3 8 | 4 6 1 | 2 5 7 

18 [main] INFO  pl.kompo.model.SudokuBoardTest  -    0 1 2   3 4 5   6 7 8
  ----------------------
0| 1 3 4 | 5 6 8 | 2 7 9 
1| 5 8 6 | 2 7 9 | 1 3 4 
2| 7 9 2 | 1 4 3 | 5 8 6 
  ----------------------
3| 2 1 3 | 4 5 6 | 7 9 8 
4| 8 5 7 | 9 3 1 | 4 6 2 
5| 4 6 9 | 7 8 2 | 3 1 5 
  ----------------------
6| 6 2 5 | 8 1 7 | 9 4 3 
7| 9 7 8 | 3 2 4 | 6 5 1 
8| 3 4 1 | 6 9 5 | 8 2 7 

23 [main] INFO  pl.kompo.model.SudokuBoardTest  -    0 1 2   3 4 5   6 7 8
  ----------------------
0| 4 1 5 | 6 2 9 | 7 8 3 
1| 7 9 3 | 1 4 8 | 2 5 6 
2| 2 6 8 | 5 3 7 | 1 4 9 
  ----------------------
3| 6 7 9 | 8 1 4 | 5 3 2 
4| 8 2 4 | 3 5 6 | 9 7 1 
5| 3 5 1 | 7 9 2 | 8 6 4 
  ----------------------
6| 5 8 2 | 9 6 3 | 4 1 7 
7| 9 3 7 | 4 8 1 | 6 2 5 
8| 1 4 6 | 2 7 5 | 3 9 8 

25 [main] INFO  pl.kompo.model.SudokuBoardTest  -    0 1 2   3 4 5   6 7 8
  ----------------------
0| 5 3 7 | 2 8 4 | 9 6 1 
1| 1 8 2 | 3 9 6 | 4 5 7 
2| 4 6 9 | 7 1 5 | 8 2 3 
  ----------------------
3| 7 4 5 | 8 6 9 | 1 3 2 
4| 6 9 1 | 4 2 3 | 5 7 8 
5| 8 2 3 | 5 7 1 | 6 4 9 
  ----------------------
6| 9 1 4 | 6 3 2 | 7 8 5 
7| 2 5 8 | 9 4 7 | 3 1 6 
8| 3 7 6 | 1 5 8 | 2 9 4 

27 [main] INFO  pl.kompo.model.SudokuBoardTest  -    0 1 2   3 4 5   6 7 8
  ----------------------
0| 7 6 5 | 2 1 9 | 8 3 4 
1| 8 9 1 | 3 6 4 | 5 2 7 
2| 2 3 4 | 5 7 8 | 1 9 6 
  ----------------------
3| 9 2 3 | 4 8 1 | 6 7 5 
4| 4 1 6 | 9 5 7 | 2 8 3 
5| 5 8 7 | 6 2 3 | 9 4 1 
  ----------------------
6| 1 4 2 | 7 9 5 | 3 6 8 
7| 3 5 9 | 8 4 6 | 7 1 2 
8| 6 7 8 | 1 3 2 | 4 5 9 

31 [main] INFO  pl.kompo.model.SudokuBoardTest  -    0 1 2   3 4 5   6 7 8
  ----------------------
0| 9 1 8 | 2 4 3 | 5 6 7 
1| 2 3 6 | 5 7 8 | 9 1 4 
2| 7 5 4 | 6 9 1 | 2 8 3 
  ----------------------
3| 1 2 5 | 4 3 6 | 7 9 8 
4| 3 6 7 | 8 1 9 | 4 2 5 
5| 4 8 9 | 7 2 5 | 6 3 1 
  ----------------------
6| 5 7 3 | 9 8 2 | 1 4 6 
7| 8 4 2 | 1 6 7 | 3 5 9 
8| 6 9 1 | 3 5 4 | 8 7 2 

33 [main] INFO  pl.kompo.model.SudokuBoardTest  -    0 1 2   3 4 5   6 7 8
  ----------------------
0| 9 6 3 | 2 1 4 | 5 7 8 
1| 5 8 4 | 9 3 7 | 1 2 6 
2| 1 2 7 | 5 8 6 | 3 9 4 
  ----------------------
3| 8 7 5 | 1 2 9 | 4 6 3 
4| 6 9 1 | 3 4 5 | 2 8 7 
5| 3 4 2 | 6 7 8 | 9 5 1 
  ----------------------
6| 4 1 9 | 7 6 2 | 8 3 5 
7| 2 3 6 | 8 5 1 | 7 4 9 
8| 7 5 8 | 4 9 3 | 6 1 2 

40 [main] INFO  pl.kompo.model.SudokuBoardTest  -    0 1 2   3 4 5   6 7 8
  ----------------------
0| 5 8 6 | 7 9 1 | 4 2 3 
1| 4 1 9 | 6 3 2 | 7 5 8 
2| 3 7 2 | 8 5 4 | 9 6 1 
  ----------------------
3| 6 3 5 | 9 7 8 | 1 4 2 
4| 9 2 7 | 4 1 5 | 8 3 6 
5| 8 4 1 | 2 6 3 | 5 7 9 
  ----------------------
6| 1 9 3 | 5 2 7 | 6 8 4 
7| 2 5 8 | 1 4 6 | 3 9 7 
8| 7 6 4 | 3 8 9 | 2 1 5 

43 [main] INFO  pl.kompo.model.SudokuBoardTest  -    0 1 2   3 4 5   6 7 8
  ----------------------
0| 4 9 1 | 2 3 8 | 5 7 6 
1| 5 6 2 | 7 4 9 | 8 1 3 
2| 3 7 8 | 1 5 6 | 2 9 4 
  ----------------------
3| 8 1 6 | 3 9 5 | 4 2 7 
4| 2 3 9 | 8 7 4 | 6 5 1 
5| 7 4 5 | 6 1 2 | 9 3 8 
  ----------------------
6| 6 5 7 | 9 8 3 | 1 4 2 
7| 9 2 3 | 4 6 1 | 7 8 5 
8| 1 8 4 | 5 2 7 | 3 6 9 

50 [main] INFO  pl.kompo.model.SudokuBoardTest  -    0 1 2   3 4 5   6 7 8
  ----------------------
0| 6 9 7 | 3 8 1 | 5 2 4 
1| 4 5 8 | 6 7 2 | 1 9 3 
2| 2 1 3 | 9 4 5 | 6 8 7 
  ----------------------
3| 3 2 5 | 7 6 8 | 9 4 1 
4| 7 8 6 | 1 9 4 | 2 3 5 
5| 9 4 1 | 2 5 3 | 7 6 8 
  ----------------------
6| 8 3 9 | 5 1 6 | 4 7 2 
7| 1 6 2 | 4 3 7 | 8 5 9 
8| 5 7 4 | 8 2 9 | 3 1 6 

54 [main] INFO  pl.kompo.model.SudokuBoardTest  -    0 1 2   3 4 5   6 7 8
  ----------------------
0| 2 1 5 | 7 3 4 | 6 8 9 
1| 3 7 4 | 6 8 9 | 1 2 5 
2| 8 6 9 | 5 1 2 | 4 3 7 
  ----------------------
3| 7 2 1 | 9 4 6 | 8 5 3 
4| 9 3 8 | 1 7 5 | 2 4 6 
5| 4 5 6 | 8 2 3 | 7 9 1 
  ----------------------
6| 1 8 3 | 2 5 7 | 9 6 4 
7| 5 9 7 | 4 6 8 | 3 1 2 
8| 6 4 2 | 3 9 1 | 5 7 8 

58 [main] INFO  pl.kompo.model.SudokuBoardTest  -    0 1 2   3 4 5   6 7 8
  ----------------------
0| 8 1 7 | 2 9 3 | 4 5 6 
1| 2 9 4 | 1 5 6 | 3 7 8 
2| 5 3 6 | 7 8 4 | 9 1 2 
  ----------------------
3| 6 2 5 | 8 7 9 | 1 3 4 
4| 4 7 9 | 6 3 1 | 8 2 5 
5| 1 8 3 | 4 2 5 | 6 9 7 
  ----------------------
6| 3 4 8 | 5 1 2 | 7 6 9 
7| 7 5 1 | 9 6 8 | 2 4 3 
8| 9 6 2 | 3 4 7 | 5 8 1 

66 [main] INFO  pl.kompo.model.SudokuBoardTest  -    0 1 2   3 4 5   6 7 8
  ----------------------
0| 2 1 7 | 5 3 4 | 6 9 8 
1| 8 3 4 | 6 1 9 | 2 7 5 
2| 5 9 6 | 7 8 2 | 1 3 4 
  ----------------------
3| 6 2 3 | 8 4 5 | 9 1 7 
4| 4 5 1 | 2 9 7 | 8 6 3 
5| 7 8 9 | 1 6 3 | 4 5 2 
  ----------------------
6| 9 4 5 | 3 2 1 | 7 8 6 
7| 1 7 8 | 4 5 6 | 3 2 9 
8| 3 6 2 | 9 7 8 | 5 4 1 

0 [main] INFO  pl.kompo.model.FileSudokuBoardDao  - Zasoby zostały zamknięte
9 [main] INFO  pl.kompo.model.FileSudokuBoardDao  - Zasoby zostały zamknięte
19 [main] INFO  pl.kompo.model.SudokuBoardTest  -    0 1 2   3 4 5   6 7 8
  ----------------------
0| 9 3 5 | 6 7 1 | 2 8 4 
1| 7 4 6 | 2 3 8 | 9 5 1 
2| 8 1 2 | 4 9 5 | 7 6 3 
  ----------------------
3| 1 5 8 | 9 6 7 | 3 4 2 
4| 4 6 3 | 5 1 2 | 8 7 9 
5| 2 7 9 | 3 8 4 | 5 1 6 
  ----------------------
6| 5 8 4 | 1 2 9 | 6 3 7 
7| 3 2 1 | 7 5 6 | 4 9 8 
8| 6 9 7 | 8 4 3 | 1 2 5 

23 [main] INFO  pl.kompo.model.SudokuBoardTest  -    0 1 2   3 4 5   6 7 8
  ----------------------
0| 9 8 4 | 1 2 3 | 6 5 7 
1| 1 5 6 | 7 9 4 | 2 8 3 
2| 7 2 3 | 8 5 6 | 9 4 1 
  ----------------------
3| 5 3 7 | 9 4 8 | 1 6 2 
4| 2 6 8 | 5 1 7 | 3 9 4 
5| 4 9 1 | 3 6 2 | 8 7 5 
  ----------------------
6| 6 1 9 | 4 3 5 | 7 2 8 
7| 8 4 2 | 6 7 1 | 5 3 9 
8| 3 7 5 | 2 8 9 | 4 1 6 

26 [main] INFO  pl.kompo.model.SudokuBoardTest  -    0 1 2   3 4 5   6 7 8
  ----------------------
0| 1 9 5 | 4 3 2 | 6 7 8 
1| 2 3 8 | 5 6 7 | 9 1 4 
2| 4 6 7 | 8 9 1 | 2 3 5 
  ----------------------
3| 3 1 9 | 2 4 5 | 8 6 7 
4| 5 7 2 | 1 8 6 | 3 4 9 
5| 6 8 4 | 9 7 3 | 1 5 2 
  ----------------------
6| 7 2 1 | 3 5 8 | 4 9 6 
7| 8 4 6 | 7 1 9 | 5 2 3 
8| 9 5 3 | 6 2 4 | 7 8 1 

33 [main] INFO  pl.kompo.model.SudokuBoardTest  -    0 1 2   3 4 5   6 7 8
  ----------------------
0| 8 7 9 | 6 3 4 | 5 1 2 
1| 4 5 1 | 7 8 2 | 9 3 6 
2| 6 2 3 | 9 1 5 | 8 4 7 
  ----------------------
3| 3 4 5 | 8 7 6 | 1 2 9 
4| 7 8 2 | 1 4 9 | 3 6 5 
5| 9 1 6 | 5 2 3 | 4 7 8 
  ----------------------
6| 1 9 4 | 2 5 7 | 6 8 3 
7| 2 6 8 | 3 9 1 | 7 5 4 
8| 5 3 7 | 4 6 8 | 2 9 1 

36 [main] INFO  pl.kompo.model.SudokuBoardTest  -    0 1 2   3 4 5   6 7 8
  ----------------------
0| 7 6 2 | 8 1 4 | 9 3 5 
1| 1 8 9 | 2 3 5 | 7 4 6 
2| 4 3 5 | 6 7 9 | 8 1 2 
  ----------------------
3| 2 4 1 | 3 8 6 | 5 7 9 
4| 8 7 3 | 9 5 1 | 6 2 4 
5| 9 5 6 | 7 4 2 | 1 8 3 
  ----------------------
6| 6 9 8 | 1 2 3 | 4 5 7 
7| 5 2 7 | 4 9 8 | 3 6 1 
8| 3 1 4 | 5 6 7 | 2 9 8 

38 [main] INFO  pl.kompo.model.SudokuBoardTest  -    0 1 2   3 4 5   6 7 8
  ----------------------
0| 2 5 8 | 9 6 7 | 3 1 4 
1| 6 7 3 | 4 8 1 | 9 2 5 
2| 9 1 4 | 2 3 5 | 6 7 8 
  ----------------------
3| 8 9 5 | 1 2 4 | 7 6 3 
4| 1 2 6 | 3 7 8 | 4 5 9 
5| 3 4 7 | 5 9 6 | 1 8 2 
  ----------------------
6| 4 3 1 | 6 5 2 | 8 9 7 
7| 5 8 9 | 7 1 3 | 2 4 6 
8| 7 6 2 | 8 4 9 | 5 3 1 

40 [main] INFO  pl.kompo.model.SudokuBoardTest  -    0 1 2   3 4 5   6 7 8
  ----------------------
0| 7 4 9 | 5 3 6 | 8 1 2 
1| 2 1 3 | 7 8 9 | 4 5 6 
2| 5 8 6 | 4 1 2 | 3 7 9 
  ----------------------
3| 8 9 1 | 2 4 7 | 5 6 3 
4| 3 2 4 | 8 6 5 | 7 9 1 
5| 6 5 7 | 3 9 1 | 2 4 8 
  ----------------------
6| 9 7 5 | 1 2 8 | 6 3 4 
7| 1 3 8 | 6 7 4 | 9 2 5 
8| 4 6 2 | 9 5 3 | 1 8 7 

44 [main] INFO  pl.kompo.model.SudokuBoardTest  -    0 1 2   3 4 5   6 7 8
  ----------------------
0| 9 4 5 | 8 6 1 | 2 7 3 
1| 1 2 3 | 4 5 7 | 8 6 9 
2| 6 7 8 | 9 3 2 | 4 1 5 
  ----------------------
3| 2 6 4 | 1 7 5 | 3 9 8 
4| 8 3 7 | 2 4 9 | 1 5 6 
5| 5 9 1 | 3 8 6 | 7 4 2 
  ----------------------
6| 4 5 2 | 6 1 8 | 9 3 7 
7| 3 8 6 | 7 9 4 | 5 2 1 
8| 7 1 9 | 5 2 3 | 6 8 4 

49 [main] INFO  pl.kompo.model.SudokuBoardTest  -    0 1 2   3 4 5   6 7 8
  ----------------------
0| 3 5 1 | 6 2 4 | 7 8 9 
1| 2 8 6 | 7 9 1 | 3 4 5 
2| 4 7 9 | 3 5 8 | 1 6 2 
  ----------------------
3| 5 2 7 | 4 3 6 | 8 9 1 
4| 6 3 4 | 8 1 9 | 5 2 7 
5| 9 1 8 | 2 7 5 | 6 3 4 
  ----------------------
6| 7 4 3 | 1 6 2 | 9 5 8 
7| 8 6 5 | 9 4 7 | 2 1 3 
8| 1 9 2 | 5 8 3 | 4 7 6 

53 [main] INFO  pl.kompo.model.SudokuBoardTest  -    0 1 2   3 4 5   6 7 8
  ----------------------
0| 3 5 2 | 1 8 4 | 9 6 7 
1| 7 8 9 | 2 5 6 | 1 4 3 
2| 6 1 4 | 3 9 7 | 8 2 5 
  ----------------------
3| 8 2 6 | 5 7 9 | 4 3 1 
4| 1 4 3 | 6 2 8 | 5 7 9 
5| 9 7 5 | 4 1 3 | 6 8 2 
  ----------------------
6| 5 9 7 | 8 4 2 | 3 1 6 
7| 2 3 8 | 9 6 1 | 7 5 4 
8| 4 6 1 | 7 3 5 | 2 9 8 

55 [main] INFO  pl.kompo.model.SudokuBoardTest  -    0 1 2   3 4 5   6 7 8
  ----------------------
0| 8 5 9 | 6 7 1 | 3 2 4 
1| 7 1 3 | 4 2 5 | 6 8 9 
2| 6 2 4 | 3 8 9 | 1 7 5 
  ----------------------
3| 1 8 2 | 5 9 6 | 4 3 7 
4| 9 4 5 | 7 1 3 | 8 6 2 
5| 3 7 6 | 2 4 8 | 5 9 1 
  ----------------------
6| 4 9 8 | 1 3 2 | 7 5 6 
7| 5 3 7 | 9 6 4 | 2 1 8 
8| 2 6 1 | 8 5 7 | 9 4 3 

73 [main] INFO  pl.kompo.model.SudokuBoardTest  -    0 1 2   3 4 5   6 7 8
  ----------------------
0| 6 7 8 | 9 1 2 | 4 3 5 
1| 4 9 1 | 8 3 5 | 2 6 7 
2| 5 2 3 | 4 6 7 | 8 9 1 
  ----------------------
3| 7 1 2 | 5 4 9 | 6 8 3 
4| 3 4 5 | 6 7 8 | 9 1 2 
5| 9 8 6 | 1 2 3 | 7 5 4 
  ----------------------
6| 1 6 7 | 3 8 4 | 5 2 9 
7| 8 5 4 | 2 9 1 | 3 7 6 
8| 2 3 9 | 7 5 6 | 1 4 8 

91 [main] INFO  pl.kompo.model.SudokuBoardTest  -    0 1 2   3 4 5   6 7 8
  ----------------------
0| 3 5 2 | 8 1 7 | 6 4 9 
1| 4 6 7 | 9 3 2 | 5 1 8 
2| 8 9 1 | 4 5 6 | 2 7 3 
  ----------------------
3| 6 7 4 | 1 2 9 | 3 8 5 
4| 1 2 8 | 3 4 5 | 7 9 6 
5| 9 3 5 | 7 6 8 | 4 2 1 
  ----------------------
6| 2 8 6 | 5 7 1 | 9 3 4 
7| 7 4 9 | 6 8 3 | 1 5 2 
8| 5 1 3 | 2 9 4 | 8 6 7 

99 [main] INFO  pl.kompo.model.SudokuBoardTest  -    0 1 2   3 4 5   6 7 8
  ----------------------
0| 3 7 9 | 8 6 1 | 2 4 5 
1| 6 4 8 | 9 2 5 | 3 1 7 
2| 1 2 5 | 7 3 4 | 8 6 9 
  ----------------------
3| 9 8 3 | 1 7 6 | 5 2 4 
4| 2 1 4 | 5 8 9 | 6 7 3 
5| 5 6 7 | 2 4 3 | 1 9 8 
  ----------------------
6| 7 9 1 | 3 5 2 | 4 8 6 
7| 8 3 6 | 4 1 7 | 9 5 2 
8| 4 5 2 | 6 9 8 | 7 3 1 

0 [main] INFO  pl.kompo.model.FileSudokuBoardDao  - Zasoby zostały zamknięte
6 [main] INFO  pl.kompo.model.FileSudokuBoardDao  - Zasoby zostały zamknięte
12 [main] INFO  pl.kompo.model.SudokuBoardTest  -    0 1 2   3 4 5   6 7 8
  ----------------------
0| 2 6 1 | 5 8 7 | 3 9 4 
1| 4 8 3 | 1 2 9 | 5 6 7 
2| 9 5 7 | 6 3 4 | 8 1 2 
  ----------------------
3| 1 7 9 | 3 6 5 | 4 2 8 
4| 8 2 4 | 9 7 1 | 6 3 5 
5| 5 3 6 | 8 4 2 | 1 7 9 
  ----------------------
6| 6 4 5 | 7 9 3 | 2 8 1 
7| 3 9 2 | 4 1 8 | 7 5 6 
8| 7 1 8 | 2 5 6 | 9 4 3 

15 [main] INFO  pl.kompo.model.SudokuBoardTest  -    0 1 2   3 4 5   6 7 8
  ----------------------
0| 7 5 3 | 2 1 8 | 6 9 4 
1| 2 8 9 | 7 4 6 | 5 1 3 
2| 4 1 6 | 3 5 9 | 2 7 8 
  ----------------------
3| 5 6 7 | 8 2 1 | 3 4 9 
4| 8 3 1 | 5 9 4 | 7 2 6 
5| 9 2 4 | 6 3 7 | 8 5 1 
  ----------------------
6| 3 4 2 | 9 6 5 | 1 8 7 
7| 1 7 5 | 4 8 3 | 9 6 2 
8| 6 9 8 | 1 7 2 | 4 3 5 

20 [main] INFO  pl.kompo.model.SudokuBoardTest  -    0 1 2   3 4 5   6 7 8
  ----------------------
0| 7 9 8 | 1 6 2 | 3 4 5 
1| 1 2 3 | 9 4 5 | 8 6 7 
2| 4 5 6 | 7 3 8 | 9 1 2 
  ----------------------
3| 6 1 4 | 8 5 3 | 7 2 9 
4| 2 7 5 | 4 9 1 | 6 3 8 
5| 8 3 9 | 6 2 7 | 1 5 4 
  ----------------------
6| 3 6 2 | 5 7 9 | 4 8 1 
7| 5 8 7 | 3 1 4 | 2 9 6 
8| 9 4 1 | 2 8 6 | 5 7 3 

24 [main] INFO  pl.kompo.model.SudokuBoardTest  -    0 1 2   3 4 5   6 7 8
  ----------------------
0| 2 3 4 | 1 8 5 | 6 9 7 
1| 6 7 5 | 2 3 9 | 8 4 1 
2| 8 9 1 | 4 6 7 | 3 5 2 
  ----------------------
3| 3 4 2 | 5 7 6 | 9 1 8 
4| 9 5 6 | 3 1 8 | 2 7 4 
5| 7 1 8 | 9 4 2 | 5 6 3 
  ----------------------
6| 4 8 7 | 6 5 3 | 1 2 9 
7| 5 2 3 | 7 9 1 | 4 8 6 
8| 1 6 9 | 8 2 4 | 7 3 5 

26 [main] INFO  pl.kompo.model.SudokuBoardTest  -    0 1 2   3 4 5   6 7 8
  ----------------------
0| 6 2 4 | 7 3 8 | 5 9 1 
1| 7 8 5 | 6 9 1 | 2 3 4 
2| 9 1 3 | 4 2 5 | 6 7 8 
  ----------------------
3| 1 6 8 | 9 4 2 | 3 5 7 
4| 2 5 7 | 8 6 3 | 4 1 9 
5| 3 4 9 | 1 5 7 | 8 6 2 
  ----------------------
6| 4 3 1 | 2 7 6 | 9 8 5 
7| 5 7 2 | 3 8 9 | 1 4 6 
8| 8 9 6 | 5 1 4 | 7 2 3 

28 [main] INFO  pl.kompo.model.SudokuBoardTest  -    0 1 2   3 4 5   6 7 8
  ----------------------
0| 6 7 8 | 2 9 5 | 1 3 4 
1| 1 3 9 | 8 4 6 | 5 2 7 
2| 2 4 5 | 7 3 1 | 6 8 9 
  ----------------------
3| 3 6 1 | 5 7 4 | 8 9 2 
4| 7 5 2 | 3 8 9 | 4 6 1 
5| 8 9 4 | 1 6 2 | 3 7 5 
  ----------------------
6| 9 1 6 | 4 2 3 | 7 5 8 
7| 4 8 3 | 9 5 7 | 2 1 6 
8| 5 2 7 | 6 1 8 | 9 4 3 

38 [main] INFO  pl.kompo.model.SudokuBoardTest  -    0 1 2   3 4 5   6 7 8
  ----------------------
0| 2 8 5 | 1 3 4 | 6 7 9 
1| 9 3 6 | 8 5 7 | 1 2 4 
2| 1 7 4 | 2 6 9 | 3 5 8 
  ----------------------
3| 8 5 9 | 7 1 2 | 4 3 6 
4| 3 1 2 | 5 4 6 | 9 8 7 
5| 4 6 7 | 9 8 3 | 2 1 5 
  ----------------------
6| 5 2 8 | 4 9 1 | 7 6 3 
7| 6 9 1 | 3 7 8 | 5 4 2 
8| 7 4 3 | 6 2 5 | 8 9 1 

40 [main] INFO  pl.kompo.model.SudokuBoardTest  -    0 1 2   3 4 5   6 7 8
  ----------------------
0| 6 8 3 | 4 5 9 | 7 1 2 
1| 5 9 1 | 2 3 7 | 8 6 4 
2| 7 4 2 | 6 8 1 | 9 3 5 
  ----------------------
3| 8 7 9 | 1 4 5 | 3 2 6 
4| 1 2 4 | 9 6 3 | 5 7 8 
5| 3 6 5 | 7 2 8 | 1 4 9 
  ----------------------
6| 9 1 6 | 5 7 2 | 4 8 3 
7| 2 3 7 | 8 9 4 | 6 5 1 
8| 4 5 8 | 3 1 6 | 2 9 7 

44 [main] INFO  pl.kompo.model.SudokuBoardTest  -    0 1 2   3 4 5   6 7 8
  ----------------------
0| 3 5 4 | 7 6 8 | 9 1 2 
1| 6 1 2 | 9 3 4 | 5 7 8 
2| 7 8 9 | 1 5 2 | 4 6 3 
  ----------------------
3| 9 2 5 | 6 7 1 | 3 8 4 
4| 4 6 7 | 8 9 3 | 1 2 5 
5| 8 3 1 | 4 2 5 | 6 9 7 
  ----------------------
6| 5 4 6 | 2 8 9 | 7 3 1 
7| 1 7 8 | 3 4 6 | 2 5 9 
8| 2 9 3 | 5 1 7 | 8 4 6 

47 [main] INFO  pl.kompo.model.SudokuBoardTest  -    0 1 2   3 4 5   6 7 8
  ----------------------
0| 1 2 6 | 7 8 9 | 5 3 4 
1| 4 3 7 | 6 2 5 | 8 9 1 
2| 5 8 9 | 4 3 1 | 2 6 7 
  ----------------------
3| 9 4 8 | 1 5 2 | 3 7 6 
4| 2 5 1 | 3 6 7 | 9 4 8 
5| 6 7 3 | 8 9 4 | 1 5 2 
  ----------------------
6| 8 6 2 | 5 4 3 | 7 1 9 
7| 7 9 5 | 2 1 6 | 4 8 3 
8| 3 1 4 | 9 7 8 | 6 2 5 

54 [main] INFO  pl.kompo.model.SudokuBoardTest  -    0 1 2   3 4 5   6 7 8
  ----------------------
0| 8 2 5 | 6 9 4 | 7 1 3 
1| 3 9 1 | 8 2 7 | 4 5 6 
2| 4 6 7 | 5 3 1 | 8 9 2 
  ----------------------
3| 7 3 8 | 9 1 6 | 2 4 5 
4| 9 1 2 | 7 4 5 | 6 3 8 
5| 5 4 6 | 2 8 3 | 9 7 1 
  ----------------------
6| 6 5 4 | 1 7 8 | 3 2 9 
7| 1 7 9 | 3 6 2 | 5 8 4 
8| 2 8 3 | 4 5 9 | 1 6 7 

60 [main] INFO  pl.kompo.model.SudokuBoardTest  -    0 1 2   3 4 5   6 7 8
  ----------------------
0| 7 2 4 | 8 5 9 | 1 6 3 
1| 5 6 8 | 7 1 3 | 9 4 2 
2| 9 1 3 | 6 2 4 | 5 7 8 
  ----------------------
3| 6 9 7 | 1 3 8 | 2 5 4 
4| 1 3 2 | 9 4 5 | 6 8 7 
5| 8 4 5 | 2 6 7 | 3 9 1 
  ----------------------
6| 4 5 9 | 3 7 1 | 8 2 6 
7| 2 7 1 | 5 8 6 | 4 3 9 
8| 3 8 6 | 4 9 2 | 7 1 5 

83 [main] INFO  pl.kompo.model.SudokuBoardTest  -    0 1 2   3 4 5   6 7 8
  ----------------------
0| 7 6 1 | 9 8 2 | 4 3 5 
1| 2 4 3 | 5 1 6 | 7 8 9 
2| 5 8 9 | 3 7 4 | 6 1 2 
  ----------------------
3| 3 9 2 | 1 4 7 | 8 5 6 
4| 4 1 5 | 6 9 8 | 2 7 3 
5| 6 7 8 | 2 3 5 | 9 4 1 
  ----------------------
6| 8 2 6 | 7 5 3 | 1 9 4 
7| 9 3 7 | 4 2 1 | 5 6 8 
8| 1 5 4 | 8 6 9 | 3 2 7 

110 [main] INFO  pl.kompo.model.SudokuBoardTest  -    0 1 2   3 4 5   6 7 8
  ----------------------
0| 8 5 7 | 9 1 3 | 6 2 4 
1| 1 2 3 | 4 5 6 | 7 8 9 
2| 9 4 6 | 7 8 2 | 1 3 5 
  ----------------------
3| 2 3 9 | 5 6 1 | 4 7 8 
4| 4 6 1 | 3 7 8 | 9 5 2 
5| 5 7 8 | 2 9 4 | 3 1 6 
  ----------------------
6| 6 1 2 | 8 3 9 | 5 4 7 
7| 7 9 4 | 1 2 5 | 8 6 3 
8| 3 8 5 | 6 4 7 | 2 9 1 

0 [main] INFO  pl.kompo.model.FileSudokuBoardDao  - Zasoby zostay zamknite
16 [main] INFO  pl.kompo.model.FileSudokuBoardDao  - Zasoby zostay zamknite
30 [main] INFO  pl.kompo.model.SudokuBoardTest  -    0 1 2   3 4 5   6 7 8
  ----------------------
0| 2 7 6 | 3 8 1 | 4 9 5 
1| 1 4 8 | 5 6 9 | 2 7 3 
2| 9 3 5 | 4 2 7 | 6 8 1 
  ----------------------
3| 6 8 9 | 1 3 4 | 5 2 7 
4| 7 2 1 | 6 5 8 | 3 4 9 
5| 3 5 4 | 9 7 2 | 8 1 6 
  ----------------------
6| 8 6 7 | 2 1 3 | 9 5 4 
7| 4 1 3 | 8 9 5 | 7 6 2 
8| 5 9 2 | 7 4 6 | 1 3 8 

64 [main] INFO  pl.kompo.model.SudokuBoardTest  -    0 1 2   3 4 5   6 7 8
  ----------------------
0| 4 2 9 | 1 3 5 | 6 7 8 
1| 7 3 1 | 8 4 6 | 9 5 2 
2| 8 5 6 | 7 9 2 | 1 3 4 
  ----------------------
3| 9 6 8 | 2 7 1 | 3 4 5 
4| 1 4 2 | 3 5 8 | 7 6 9 
5| 5 7 3 | 9 6 4 | 8 2 1 
  ----------------------
6| 3 8 7 | 4 2 9 | 5 1 6 
7| 2 9 5 | 6 1 3 | 4 8 7 
8| 6 1 4 | 5 8 7 | 2 9 3 

71 [main] INFO  pl.kompo.model.SudokuBoardTest  -    0 1 2   3 4 5   6 7 8
  ----------------------
0| 3 5 8 | 4 6 7 | 9 1 2 
1| 6 4 7 | 9 1 2 | 8 5 3 
2| 9 1 2 | 5 8 3 | 4 6 7 
  ----------------------
3| 4 9 5 | 6 7 8 | 2 3 1 
4| 1 2 6 | 3 9 4 | 5 7 8 
5| 7 8 3 | 1 2 5 | 6 9 4 
  ----------------------
6| 5 3 9 | 8 4 1 | 7 2 6 
7| 8 7 1 | 2 5 6 | 3 4 9 
8| 2 6 4 | 7 3 9 | 1 8 5 

76 [main] INFO  pl.kompo.model.SudokuBoardTest  -    0 1 2   3 4 5   6 7 8
  ----------------------
0| 5 6 2 | 8 3 7 | 4 9 1 
1| 7 4 3 | 6 1 9 | 8 5 2 
2| 8 9 1 | 2 4 5 | 7 3 6 
  ----------------------
3| 3 5 4 | 1 2 6 | 9 7 8 
4| 2 7 8 | 9 5 3 | 1 6 4 
5| 9 1 6 | 4 7 8 | 3 2 5 
  ----------------------
6| 1 2 5 | 7 9 4 | 6 8 3 
7| 6 3 7 | 5 8 1 | 2 4 9 
8| 4 8 9 | 3 6 2 | 5 1 7 

81 [main] INFO  pl.kompo.model.SudokuBoardTest  -    0 1 2   3 4 5   6 7 8
  ----------------------
0| 5 1 8 | 4 3 2 | 7 6 9 
1| 2 9 3 | 6 7 5 | 4 8 1 
2| 4 7 6 | 8 9 1 | 5 2 3 
  ----------------------
3| 8 3 9 | 1 5 4 | 2 7 6 
4| 1 5 7 | 3 2 6 | 8 9 4 
5| 6 2 4 | 7 8 9 | 1 3 5 
  ----------------------
6| 7 8 5 | 9 4 3 | 6 1 2 
7| 9 4 1 | 2 6 7 | 3 5 8 
8| 3 6 2 | 5 1 8 | 9 4 7 

83 [main] INFO  pl.kompo.model.SudokuBoardTest  -    0 1 2   3 4 5   6 7 8
  ----------------------
0| 2 6 4 | 5 9 1 | 3 7 8 
1| 7 8 9 | 2 3 4 | 1 5 6 
2| 1 3 5 | 8 6 7 | 9 2 4 
  ----------------------
3| 5 1 8 | 7 4 6 | 2 9 3 
4| 6 9 7 | 1 2 3 | 4 8 5 
5| 4 2 3 | 9 5 8 | 6 1 7 
  ----------------------
6| 8 7 6 | 3 1 9 | 5 4 2 
7| 9 4 2 | 6 7 5 | 8 3 1 
8| 3 5 1 | 4 8 2 | 7 6 9 

87 [main] INFO  pl.kompo.model.SudokuBoardTest  -    0 1 2   3 4 5   6 7 8
  ----------------------
0| 2 1 5 | 8 4 6 | 3 9 7 
1| 8 7 3 | 9 2 1 | 4 5 6 
2| 4 6 9 | 3 5 7 | 8 1 2 
  ----------------------
3| 9 2 1 | 4 8 3 | 6 7 5 
4| 3 4 6 | 5 7 9 | 2 8 1 
5| 5 8 7 | 1 6 2 | 9 3 4 
  ----------------------
6| 6 9 2 | 7 1 8 | 5 4 3 
7| 1 3 4 | 6 9 5 | 7 2 8 
8| 7 5 8 | 2 3 4 | 1 6 9 

90 [main] INFO  pl.kompo.model.SudokuBoardTest  -    0 1 2   3 4 5   6 7 8
  ----------------------
0| 7 4 5 | 8 9 3 | 6 1 2 
1| 6 9 8 | 4 1 2 | 5 3 7 
2| 1 2 3 | 6 5 7 | 8 4 9 
  ----------------------
3| 8 1 4 | 5 7 6 | 9 2 3 
4| 2 7 6 | 9 3 1 | 4 5 8 
5| 5 3 9 | 2 4 8 | 1 7 6 
  ----------------------
6| 3 5 1 | 7 6 9 | 2 8 4 
7| 9 8 7 | 1 2 4 | 3 6 5 
8| 4 6 2 | 3 8 5 | 7 9 1 

92 [main] INFO  pl.kompo.model.SudokuBoardTest  -    0 1 2   3 4 5   6 7 8
  ----------------------
0| 9 6 4 | 1 5 7 | 3 2 8 
1| 5 3 1 | 2 9 8 | 6 4 7 
2| 7 2 8 | 3 4 6 | 5 9 1 
  ----------------------
3| 6 5 7 | 4 1 9 | 2 8 3 
4| 8 4 9 | 6 2 3 | 1 7 5 
5| 2 1 3 | 7 8 5 | 9 6 4 
  ----------------------
6| 4 7 6 | 5 3 2 | 8 1 9 
7| 3 8 2 | 9 7 1 | 4 5 6 
8| 1 9 5 | 8 6 4 | 7 3 2 

96 [main] INFO  pl.kompo.model.SudokuBoardTest  -    0 1 2   3 4 5   6 7 8
  ----------------------
0| 7 8 9 | 1 2 3 | 4 5 6 
1| 6 1 5 | 8 7 4 | 9 2 3 
2| 2 3 4 | 5 6 9 | 7 8 1 
  ----------------------
3| 8 2 7 | 4 1 5 | 3 6 9 
4| 9 4 1 | 3 8 6 | 5 7 2 
5| 5 6 3 | 2 9 7 | 8 1 4 
  ----------------------
6| 1 9 6 | 7 4 8 | 2 3 5 
7| 3 7 2 | 9 5 1 | 6 4 8 
8| 4 5 8 | 6 3 2 | 1 9 7 

106 [main] INFO  pl.kompo.model.SudokuBoardTest  -    0 1 2   3 4 5   6 7 8
  ----------------------
0| 2 1 6 | 7 5 3 | 8 4 9 
1| 7 5 8 | 9 6 4 | 2 1 3 
2| 9 3 4 | 1 8 2 | 6 7 5 
  ----------------------
3| 1 9 5 | 2 7 6 | 3 8 4 
4| 6 2 7 | 3 4 8 | 9 5 1 
5| 4 8 3 | 5 1 9 | 7 2 6 
  ----------------------
6| 8 6 2 | 4 3 1 | 5 9 7 
7| 3 7 1 | 8 9 5 | 4 6 2 
8| 5 4 9 | 6 2 7 | 1 3 8 

170 [main] INFO  pl.kompo.model.SudokuBoardTest  -    0 1 2   3 4 5   6 7 8
  ----------------------
0| 2 9 8 | 5 6 4 | 1 3 7 
1| 3 4 1 | 9 7 8 | 2 5 6 
2| 5 6 7 | 1 2 3 | 4 9 8 
  ----------------------
3| 6 5 9 | 7 1 2 | 8 4 3 
4| 4 7 2 | 3 8 9 | 5 6 1 
5| 8 1 3 | 4 5 6 | 9 7 2 
  ----------------------
6| 1 8 4 | 6 9 7 | 3 2 5 
7| 7 3 5 | 2 4 1 | 6 8 9 
8| 9 2 6 | 8 3 5 | 7 1 4 

180 [main] INFO  pl.kompo.model.SudokuBoardTest  -    0 1 2   3 4 5   6 7 8
  ----------------------
0| 4 5 6 | 8 3 9 | 7 1 2 
1| 3 7 8 | 1 2 4 | 9 6 5 
2| 9 1 2 | 5 6 7 | 3 8 4 
  ----------------------
3| 5 4 7 | 9 8 1 | 2 3 6 
4| 8 9 3 | 2 4 6 | 1 5 7 
5| 6 2 1 | 3 7 5 | 4 9 8 
  ----------------------
6| 1 6 4 | 7 5 3 | 8 2 9 
7| 7 8 9 | 6 1 2 | 5 4 3 
8| 2 3 5 | 4 9 8 | 6 7 1 

188 [main] INFO  pl.kompo.model.SudokuBoardTest  -    0 1 2   3 4 5   6 7 8
  ----------------------
0| 8 7 6 | 1 9 2 | 4 3 5 
1| 9 3 1 | 4 5 8 | 6 7 2 
2| 2 4 5 | 3 6 7 | 8 9 1 
  ----------------------
3| 4 5 8 | 9 3 1 | 7 2 6 
4| 1 2 7 | 6 8 4 | 9 5 3 
5| 3 6 9 | 2 7 5 | 1 4 8 
  ----------------------
6| 5 8 2 | 7 4 6 | 3 1 9 
7| 7 1 3 | 8 2 9 | 5 6 4 
8| 6 9 4 | 5 1 3 | 2 8 7 

0 [main] INFO  pl.kompo.model.FileSudokuBoardDao  - Zasoby zostay zamknite
26 [main] INFO  pl.kompo.model.FileSudokuBoardDao  - Zasoby zostay zamknite
45 [main] INFO  pl.kompo.model.SudokuBoardTest  -    0 1 2   3 4 5   6 7 8
  ----------------------
0| 9 7 1 | 6 8 4 | 2 5 3 
1| 2 3 4 | 5 7 9 | 6 8 1 
2| 5 6 8 | 3 1 2 | 7 9 4 
  ----------------------
3| 3 4 5 | 7 2 6 | 8 1 9 
4| 6 8 2 | 1 9 5 | 3 4 7 
5| 7 1 9 | 4 3 8 | 5 2 6 
  ----------------------
6| 4 9 3 | 8 5 7 | 1 6 2 
7| 8 2 7 | 9 6 1 | 4 3 5 
8| 1 5 6 | 2 4 3 | 9 7 8 

55 [main] INFO  pl.kompo.model.SudokuBoardTest  -    0 1 2   3 4 5   6 7 8
  ----------------------
0| 9 5 3 | 4 8 6 | 1 7 2 
1| 1 8 2 | 7 9 3 | 4 6 5 
2| 4 6 7 | 5 2 1 | 8 3 9 
  ----------------------
3| 5 9 4 | 6 7 8 | 2 1 3 
4| 2 7 6 | 1 3 4 | 5 9 8 
5| 8 3 1 | 2 5 9 | 6 4 7 
  ----------------------
6| 3 4 8 | 9 1 5 | 7 2 6 
7| 6 2 5 | 3 4 7 | 9 8 1 
8| 7 1 9 | 8 6 2 | 3 5 4 

60 [main] INFO  pl.kompo.model.SudokuBoardTest  -    0 1 2   3 4 5   6 7 8
  ----------------------
0| 3 4 9 | 1 2 5 | 6 8 7 
1| 2 6 7 | 3 4 8 | 5 9 1 
2| 5 8 1 | 6 7 9 | 4 2 3 
  ----------------------
3| 4 5 8 | 7 6 3 | 9 1 2 
4| 7 9 2 | 4 5 1 | 8 3 6 
5| 1 3 6 | 8 9 2 | 7 4 5 
  ----------------------
6| 6 7 3 | 9 1 4 | 2 5 8 
7| 8 2 4 | 5 3 6 | 1 7 9 
8| 9 1 5 | 2 8 7 | 3 6 4 

67 [main] INFO  pl.kompo.model.SudokuBoardTest  -    0 1 2   3 4 5   6 7 8
  ----------------------
0| 4 6 7 | 8 3 9 | 5 1 2 
1| 9 1 3 | 4 5 2 | 6 7 8 
2| 2 5 8 | 6 1 7 | 9 3 4 
  ----------------------
3| 8 3 1 | 5 2 4 | 7 6 9 
4| 5 4 6 | 7 9 8 | 1 2 3 
5| 7 9 2 | 1 6 3 | 8 4 5 
  ----------------------
6| 6 7 9 | 2 4 5 | 3 8 1 
7| 3 8 4 | 9 7 1 | 2 5 6 
8| 1 2 5 | 3 8 6 | 4 9 7 

75 [main] INFO  pl.kompo.model.SudokuBoardTest  -    0 1 2   3 4 5   6 7 8
  ----------------------
0| 6 2 8 | 9 4 1 | 5 7 3 
1| 3 1 7 | 8 2 5 | 4 6 9 
2| 4 9 5 | 3 6 7 | 1 2 8 
  ----------------------
3| 5 6 3 | 4 7 8 | 2 9 1 
4| 7 4 9 | 5 1 2 | 8 3 6 
5| 1 8 2 | 6 9 3 | 7 4 5 
  ----------------------
6| 8 3 4 | 2 5 9 | 6 1 7 
7| 9 7 6 | 1 8 4 | 3 5 2 
8| 2 5 1 | 7 3 6 | 9 8 4 

131 [main] INFO  pl.kompo.model.SudokuBoardTest  -    0 1 2   3 4 5   6 7 8
  ----------------------
0| 5 8 6 | 9 7 1 | 2 3 4 
1| 1 9 2 | 3 6 4 | 5 7 8 
2| 7 3 4 | 8 5 2 | 9 6 1 
  ----------------------
3| 2 4 9 | 7 8 3 | 1 5 6 
4| 6 5 3 | 1 4 9 | 8 2 7 
5| 8 1 7 | 5 2 6 | 3 4 9 
  ----------------------
6| 9 7 1 | 4 3 5 | 6 8 2 
7| 3 2 8 | 6 9 7 | 4 1 5 
8| 4 6 5 | 2 1 8 | 7 9 3 

135 [main] INFO  pl.kompo.model.SudokuBoardTest  -    0 1 2   3 4 5   6 7 8
  ----------------------
0| 1 3 6 | 7 9 8 | 2 5 4 
1| 7 8 9 | 2 4 5 | 6 1 3 
2| 2 4 5 | 1 3 6 | 8 7 9 
  ----------------------
3| 8 9 1 | 3 2 4 | 7 6 5 
4| 5 7 4 | 6 8 9 | 1 3 2 
5| 3 6 2 | 5 7 1 | 9 4 8 
  ----------------------
6| 9 2 7 | 4 6 3 | 5 8 1 
7| 4 5 8 | 9 1 7 | 3 2 6 
8| 6 1 3 | 8 5 2 | 4 9 7 

140 [main] INFO  pl.kompo.model.SudokuBoardTest  -    0 1 2   3 4 5   6 7 8
  ----------------------
0| 1 8 2 | 3 4 7 | 5 6 9 
1| 3 7 9 | 5 2 6 | 1 4 8 
2| 5 4 6 | 8 9 1 | 7 2 3 
  ----------------------
3| 2 9 7 | 1 6 3 | 8 5 4 
4| 4 1 3 | 9 8 5 | 2 7 6 
5| 6 5 8 | 4 7 2 | 3 9 1 
  ----------------------
6| 7 3 1 | 6 5 9 | 4 8 2 
7| 9 2 4 | 7 1 8 | 6 3 5 
8| 8 6 5 | 2 3 4 | 9 1 7 

144 [main] INFO  pl.kompo.model.SudokuBoardTest  -    0 1 2   3 4 5   6 7 8
  ----------------------
0| 4 8 5 | 2 6 9 | 7 1 3 
1| 6 9 2 | 7 1 3 | 8 4 5 
2| 7 3 1 | 4 5 8 | 9 2 6 
  ----------------------
3| 8 1 3 | 9 2 7 | 5 6 4 
4| 2 4 6 | 8 3 5 | 1 7 9 
5| 5 7 9 | 6 4 1 | 3 8 2 
  ----------------------
6| 9 2 7 | 5 8 6 | 4 3 1 
7| 3 6 8 | 1 9 4 | 2 5 7 
8| 1 5 4 | 3 7 2 | 6 9 8 

151 [main] INFO  pl.kompo.model.SudokuBoardTest  -    0 1 2   3 4 5   6 7 8
  ----------------------
0| 2 4 1 | 5 6 3 | 7 8 9 
1| 7 5 3 | 1 8 9 | 2 4 6 
2| 8 9 6 | 2 4 7 | 1 3 5 
  ----------------------
3| 1 2 9 | 6 7 8 | 3 5 4 
4| 6 7 4 | 9 3 5 | 8 2 1 
5| 3 8 5 | 4 1 2 | 6 9 7 
  ----------------------
6| 4 1 8 | 3 5 6 | 9 7 2 
7| 9 6 7 | 8 2 4 | 5 1 3 
8| 5 3 2 | 7 9 1 | 4 6 8 

171 [main] INFO  pl.kompo.model.SudokuBoardTest  -    0 1 2   3 4 5   6 7 8
  ----------------------
0| 3 2 4 | 9 1 5 | 6 7 8 
1| 1 5 9 | 6 7 8 | 2 3 4 
2| 6 7 8 | 2 3 4 | 9 5 1 
  ----------------------
3| 5 8 2 | 3 9 1 | 4 6 7 
4| 9 4 6 | 7 5 2 | 8 1 3 
5| 7 3 1 | 8 4 6 | 5 9 2 
  ----------------------
6| 8 6 3 | 5 2 7 | 1 4 9 
7| 2 1 7 | 4 6 9 | 3 8 5 
8| 4 9 5 | 1 8 3 | 7 2 6 

178 [main] INFO  pl.kompo.model.SudokuBoardTest  -    0 1 2   3 4 5   6 7 8
  ----------------------
0| 6 5 7 | 2 8 9 | 1 3 4 
1| 4 8 9 | 3 5 1 | 2 6 7 
2| 3 1 2 | 4 7 6 | 9 5 8 
  ----------------------
3| 8 2 1 | 5 9 3 | 4 7 6 
4| 5 6 3 | 1 4 7 | 8 9 2 
5| 9 7 4 | 8 6 2 | 3 1 5 
  ----------------------
6| 7 3 6 | 9 2 4 | 5 8 1 
7| 1 4 5 | 6 3 8 | 7 2 9 
8| 2 9 8 | 7 1 5 | 6 4 3 

187 [main] INFO  pl.kompo.model.SudokuBoardTest  -    0 1 2   3 4 5   6 7 8
  ----------------------
0| 4 8 6 | 3 5 1 | 7 9 2 
1| 9 7 1 | 8 2 4 | 3 5 6 
2| 5 2 3 | 6 7 9 | 8 4 1 
  ----------------------
3| 1 4 5 | 9 3 8 | 2 6 7 
4| 6 9 7 | 1 4 2 | 5 3 8 
5| 2 3 8 | 7 6 5 | 4 1 9 
  ----------------------
6| 7 5 9 | 2 1 3 | 6 8 4 
7| 8 6 4 | 5 9 7 | 1 2 3 
8| 3 1 2 | 4 8 6 | 9 7 5 

194 [main] INFO  pl.kompo.model.SudokuBoardTest  -    0 1 2   3 4 5   6 7 8
  ----------------------
0| 3 9 8 | 7 1 2 | 4 5 6 
1| 4 1 2 | 9 5 6 | 7 8 3 
2| 5 6 7 | 4 8 3 | 9 1 2 
  ----------------------
3| 6 8 3 | 1 7 4 | 2 9 5 
4| 1 4 5 | 2 6 9 | 3 7 8 
5| 2 7 9 | 5 3 8 | 1 6 4 
  ----------------------
6| 9 2 6 | 8 4 1 | 5 3 7 
7| 8 5 4 | 3 9 7 | 6 2 1 
8| 7 3 1 | 6 2 5 | 8 4 9 

0 [main] INFO  pl.kompo.model.dao.FileSudokuBoardDao  - Zasoby zostały zamknięte
136 [main] INFO  pl.kompo.model.dao.FileSudokuBoardDao  - Zasoby zostały zamknięte
152 [main] INFO  pl.kompo.model.SudokuBoardTest  -    0 1 2   3 4 5   6 7 8
  ----------------------
0| 6 8 9 | 1 2 4 | 7 3 5 
1| 1 7 2 | 5 6 3 | 8 4 9 
2| 3 4 5 | 7 8 9 | 6 2 1 
  ----------------------
3| 2 9 3 | 8 1 5 | 4 6 7 
4| 5 6 7 | 9 4 2 | 1 8 3 
5| 4 1 8 | 3 7 6 | 9 5 2 
  ----------------------
6| 7 5 1 | 4 3 8 | 2 9 6 
7| 9 2 4 | 6 5 1 | 3 7 8 
8| 8 3 6 | 2 9 7 | 5 1 4 

156 [main] INFO  pl.kompo.model.SudokuBoardTest  -    0 1 2   3 4 5   6 7 8
  ----------------------
0| 3 9 6 | 1 4 2 | 7 8 5 
1| 8 1 7 | 3 5 9 | 2 4 6 
2| 2 4 5 | 6 7 8 | 9 3 1 
  ----------------------
3| 4 7 8 | 5 9 6 | 1 2 3 
4| 5 6 9 | 2 1 3 | 4 7 8 
5| 1 2 3 | 7 8 4 | 5 6 9 
  ----------------------
6| 9 3 1 | 4 6 7 | 8 5 2 
7| 6 8 4 | 9 2 5 | 3 1 7 
8| 7 5 2 | 8 3 1 | 6 9 4 

172 [main] INFO  pl.kompo.model.SudokuBoardTest  -    0 1 2   3 4 5   6 7 8
  ----------------------
0| 6 3 4 | 9 5 1 | 7 2 8 
1| 9 2 1 | 4 7 8 | 3 5 6 
2| 5 7 8 | 6 2 3 | 9 1 4 
  ----------------------
3| 3 4 2 | 1 6 9 | 5 8 7 
4| 7 6 5 | 3 8 2 | 4 9 1 
5| 1 8 9 | 7 4 5 | 2 6 3 
  ----------------------
6| 8 9 7 | 2 1 4 | 6 3 5 
7| 2 1 6 | 5 3 7 | 8 4 9 
8| 4 5 3 | 8 9 6 | 1 7 2 

183 [main] INFO  pl.kompo.model.SudokuBoardTest  -    0 1 2   3 4 5   6 7 8
  ----------------------
0| 4 2 5 | 3 1 6 | 7 8 9 
1| 6 3 7 | 5 8 9 | 4 2 1 
2| 1 9 8 | 2 7 4 | 5 6 3 
  ----------------------
3| 5 1 2 | 6 3 7 | 8 9 4 
4| 8 7 3 | 4 9 1 | 2 5 6 
5| 9 4 6 | 8 2 5 | 1 3 7 
  ----------------------
6| 2 8 9 | 7 4 3 | 6 1 5 
7| 3 5 4 | 1 6 8 | 9 7 2 
8| 7 6 1 | 9 5 2 | 3 4 8 

191 [main] INFO  pl.kompo.model.SudokuBoardTest  -    0 1 2   3 4 5   6 7 8
  ----------------------
0| 1 6 9 | 4 2 7 | 5 8 3 
1| 3 8 2 | 9 1 5 | 4 6 7 
2| 7 4 5 | 6 3 8 | 9 1 2 
  ----------------------
3| 9 7 1 | 2 4 3 | 6 5 8 
4| 2 3 4 | 8 5 6 | 1 7 9 
5| 6 5 8 | 7 9 1 | 2 3 4 
  ----------------------
6| 4 1 7 | 5 8 9 | 3 2 6 
7| 8 9 3 | 1 6 2 | 7 4 5 
8| 5 2 6 | 3 7 4 | 8 9 1 

199 [main] INFO  pl.kompo.model.SudokuBoardTest  -    0 1 2   3 4 5   6 7 8
  ----------------------
0| 8 9 3 | 1 2 4 | 5 6 7 
1| 4 2 5 | 6 7 3 | 8 9 1 
2| 6 1 7 | 8 5 9 | 2 3 4 
  ----------------------
3| 5 7 4 | 9 6 8 | 1 2 3 
4| 3 6 9 | 2 1 5 | 7 4 8 
5| 1 8 2 | 3 4 7 | 6 5 9 
  ----------------------
6| 2 3 6 | 7 9 1 | 4 8 5 
7| 7 4 8 | 5 3 2 | 9 1 6 
8| 9 5 1 | 4 8 6 | 3 7 2 

201 [main] INFO  pl.kompo.model.SudokuBoardTest  -    0 1 2   3 4 5   6 7 8
  ----------------------
0| 3 1 8 | 2 5 6 | 7 9 4 
1| 4 5 9 | 1 7 8 | 2 3 6 
2| 6 7 2 | 9 3 4 | 5 8 1 
  ----------------------
3| 7 4 3 | 5 6 1 | 8 2 9 
4| 8 9 6 | 7 2 3 | 4 1 5 
5| 5 2 1 | 8 4 9 | 6 7 3 
  ----------------------
6| 9 8 4 | 6 1 2 | 3 5 7 
7| 1 6 5 | 3 8 7 | 9 4 2 
8| 2 3 7 | 4 9 5 | 1 6 8 

220 [main] INFO  pl.kompo.model.SudokuBoardTest  -    0 1 2   3 4 5   6 7 8
  ----------------------
0| 9 8 7 | 2 1 3 | 4 5 6 
1| 1 2 5 | 6 8 4 | 3 7 9 
2| 3 4 6 | 5 7 9 | 8 1 2 
  ----------------------
3| 8 6 3 | 7 9 1 | 2 4 5 
4| 2 1 9 | 3 4 5 | 6 8 7 
5| 5 7 4 | 8 2 6 | 9 3 1 
  ----------------------
6| 4 5 8 | 1 6 2 | 7 9 3 
7| 6 9 1 | 4 3 7 | 5 2 8 
8| 7 3 2 | 9 5 8 | 1 6 4 

230 [main] INFO  pl.kompo.model.SudokuBoardTest  -    0 1 2   3 4 5   6 7 8
  ----------------------
0| 7 8 9 | 1 5 6 | 2 3 4 
1| 1 2 4 | 7 3 8 | 5 6 9 
2| 3 5 6 | 9 4 2 | 1 8 7 
  ----------------------
3| 4 6 7 | 8 9 1 | 3 5 2 
4| 5 9 1 | 3 2 4 | 6 7 8 
5| 8 3 2 | 5 6 7 | 4 9 1 
  ----------------------
6| 9 4 3 | 2 7 5 | 8 1 6 
7| 2 7 8 | 6 1 3 | 9 4 5 
8| 6 1 5 | 4 8 9 | 7 2 3 

242 [main] INFO  pl.kompo.model.SudokuBoardTest  -    0 1 2   3 4 5   6 7 8
  ----------------------
0| 7 6 4 | 8 9 1 | 2 3 5 
1| 8 9 1 | 5 2 3 | 6 7 4 
2| 2 3 5 | 4 6 7 | 1 9 8 
  ----------------------
3| 6 4 7 | 1 8 5 | 9 2 3 
4| 3 5 8 | 9 7 2 | 4 1 6 
5| 1 2 9 | 3 4 6 | 5 8 7 
  ----------------------
6| 4 7 2 | 6 3 9 | 8 5 1 
7| 5 8 3 | 2 1 4 | 7 6 9 
8| 9 1 6 | 7 5 8 | 3 4 2 

250 [main] INFO  pl.kompo.model.SudokuBoardTest  -    0 1 2   3 4 5   6 7 8
  ----------------------
0| 3 4 5 | 1 2 9 | 6 7 8 
1| 6 7 1 | 3 4 8 | 5 2 9 
2| 8 9 2 | 5 6 7 | 1 3 4 
  ----------------------
3| 2 5 7 | 6 8 1 | 9 4 3 
4| 9 8 3 | 2 5 4 | 7 6 1 
5| 1 6 4 | 7 9 3 | 2 8 5 
  ----------------------
6| 4 2 6 | 8 1 5 | 3 9 7 
7| 7 1 8 | 9 3 2 | 4 5 6 
8| 5 3 9 | 4 7 6 | 8 1 2 

256 [main] INFO  pl.kompo.model.SudokuBoardTest  -    0 1 2   3 4 5   6 7 8
  ----------------------
0| 5 9 3 | 6 7 8 | 1 2 4 
1| 1 6 7 | 9 2 4 | 8 3 5 
2| 2 8 4 | 1 3 5 | 6 9 7 
  ----------------------
3| 3 1 9 | 5 4 6 | 7 8 2 
4| 6 4 2 | 3 8 7 | 9 5 1 
5| 7 5 8 | 2 1 9 | 3 4 6 
  ----------------------
6| 9 2 5 | 7 6 3 | 4 1 8 
7| 8 3 6 | 4 5 1 | 2 7 9 
8| 4 7 1 | 8 9 2 | 5 6 3 

274 [main] INFO  pl.kompo.model.SudokuBoardTest  -    0 1 2   3 4 5   6 7 8
  ----------------------
0| 4 6 5 | 9 2 1 | 7 3 8 
1| 8 7 9 | 3 4 5 | 1 6 2 
2| 1 2 3 | 6 8 7 | 4 5 9 
  ----------------------
3| 2 8 6 | 4 1 9 | 3 7 5 
4| 5 9 4 | 2 7 3 | 6 8 1 
5| 7 3 1 | 5 6 8 | 9 2 4 
  ----------------------
6| 6 1 7 | 8 5 4 | 2 9 3 
7| 3 4 8 | 7 9 2 | 5 1 6 
8| 9 5 2 | 1 3 6 | 8 4 7 

280 [main] INFO  pl.kompo.model.SudokuBoardTest  -    0 1 2   3 4 5   6 7 8
  ----------------------
0| 9 7 1 | 3 4 2 | 5 6 8 
1| 3 4 8 | 5 9 6 | 2 7 1 
2| 2 5 6 | 1 7 8 | 3 4 9 
  ----------------------
3| 1 3 9 | 4 6 5 | 7 8 2 
4| 4 8 7 | 9 2 1 | 6 5 3 
5| 5 6 2 | 7 8 3 | 9 1 4 
  ----------------------
6| 6 9 3 | 8 5 4 | 1 2 7 
7| 7 2 4 | 6 1 9 | 8 3 5 
8| 8 1 5 | 2 3 7 | 4 9 6 

0 [main] INFO  pl.kompo.model.dao.FileSudokuBoardDao  - Zasoby zostały zamknięte
157 [main] INFO  pl.kompo.model.dao.FileSudokuBoardDao  - Zasoby zostały zamknięte
0 [main] INFO  pl.kompo.model.dao.FileSudokuBoardDao  - Zasoby zostały zamknięte
86 [main] INFO  pl.kompo.model.dao.FileSudokuBoardDao  - Zasoby zostały zamknięte
0 [main] INFO  pl.kompo.model.dao.FileSudokuBoardDao  - Zasoby zostały zamknięte
379 [main] INFO  pl.kompo.model.dao.FileSudokuBoardDao  - Zasoby zostały zamknięte
0 [main] INFO  pl.kompo.model.dao.FileSudokuBoardDao  - Zasoby zostały zamknięte
168 [main] INFO  pl.kompo.model.dao.FileSudokuBoardDao  - Zasoby zostały zamknięte
0 [main] INFO  pl.kompo.model.dao.FileSudokuBoardDao  - Zasoby zostały zamknięte
343 [main] INFO  pl.kompo.model.dao.FileSudokuBoardDao  - Zasoby zostały zamknięte
0 [main] INFO  pl.kompo.model.dao.FileSudokuBoardDao  - Zasoby zostały zamknięte
416 [main] INFO  pl.kompo.model.dao.FileSudokuBoardDao  - Zasoby zostały zamknięte
0 [main] INFO  pl.kompo.model.dao.FileSudokuBoardDao  - Zasoby zostały zamknięte
409 [main] INFO  pl.kompo.model.dao.FileSudokuBoardDao  - Zasoby zostały zamknięte
0 [main] INFO  pl.kompo.model.dao.FileSudokuBoardDao  - Zasoby zostały zamknięte
447 [main] INFO  pl.kompo.model.dao.FileSudokuBoardDao  - Zasoby zostały zamknięte
0 [main] INFO  pl.kompo.model.dao.FileSudokuBoardDao  - Zasoby zostały zamknięte
489 [main] ERROR pl.kompo.model.dao.JdbcSudokuBoardDao  - Transaction is being rolled back
519 [main] INFO  pl.kompo.model.dao.FileSudokuBoardDao  - Zasoby zostały zamknięte
0 [main] INFO  pl.kompo.model.dao.FileSudokuBoardDao  - Zasoby zostały zamknięte
454 [main] INFO  pl.kompo.model.dao.FileSudokuBoardDao  - Zasoby zostały zamknięte
0 [main] INFO  pl.kompo.model.dao.FileSudokuBoardDao  - Zasoby zostały zamknięte
424 [main] INFO  pl.kompo.model.dao.FileSudokuBoardDao  - Zasoby zostały zamknięte
1 [main] INFO  pl.kompo.model.dao.FileSudokuBoardDao  - Zasoby zostały zamknięte
448 [main] INFO  pl.kompo.model.dao.FileSudokuBoardDao  - Zasoby zostały zamknięte
0 [main] INFO  pl.kompo.model.dao.FileSudokuBoardDao  - Zasoby zostały zamknięte
471 [main] INFO  pl.kompo.model.dao.FileSudokuBoardDao  - Zasoby zostały zamknięte
0 [main] INFO  pl.kompo.model.dao.FileSudokuBoardDao  - Zasoby zostały zamknięte
480 [main] ERROR pl.kompo.model.dao.JdbcSudokuBoardDao  - Transaction is being rolled back
503 [main] INFO  pl.kompo.model.dao.FileSudokuBoardDao  - Zasoby zostały zamknięte
0 [main] INFO  pl.kompo.model.dao.FileSudokuBoardDao  - Zasoby zostały zamknięte
428 [main] INFO  pl.kompo.model.dao.FileSudokuBoardDao  - Zasoby zostały zamknięte
0 [main] INFO  pl.kompo.model.dao.FileSudokuBoardDao  - Zasoby zostały zamknięte
650 [main] INFO  pl.kompo.model.dao.FileSudokuBoardDao  - Zasoby zostały zamknięte
0 [main] INFO  pl.kompo.model.dao.FileSudokuBoardDao  - Zasoby zostały zamknięte
374 [main] WARN  pl.kompo.model.dao.JdbcSudokuBoardDao  - 5
405 [main] INFO  pl.kompo.model.dao.FileSudokuBoardDao  - Zasoby zostały zamknięte
0 [main] INFO  pl.kompo.model.dao.FileSudokuBoardDao  - Zasoby zostały zamknięte
404 [main] ERROR pl.kompo.model.dao.JdbcSudokuBoardDao  - Transaction is being rolled back
444 [main] INFO  pl.kompo.model.dao.FileSudokuBoardDao  - Zasoby zostały zamknięte
0 [main] INFO  pl.kompo.model.dao.FileSudokuBoardDao  - Zasoby zostały zamknięte
460 [main] INFO  pl.kompo.model.dao.FileSudokuBoardDao  - Zasoby zostały zamknięte
0 [main] INFO  pl.kompo.model.dao.FileSudokuBoardDao  - Zasoby zostały zamknięte
403 [main] INFO  pl.kompo.model.dao.FileSudokuBoardDao  - Zasoby zostały zamknięte
0 [main] INFO  pl.kompo.model.dao.FileSudokuBoardDao  - Zasoby zostały zamknięte
457 [main] INFO  pl.kompo.model.dao.FileSudokuBoardDao  - Zasoby zostały zamknięte
568 [main] ERROR pl.kompo.model.dao.JdbcSudokuBoardDao  - Transaction is being rolled back
0 [main] INFO  pl.kompo.model.dao.FileSudokuBoardDao  - Zasoby zostały zamknięte
588 [main] ERROR pl.kompo.model.dao.JdbcSudokuBoardDao  - Transaction is being rolled back
639 [main] INFO  pl.kompo.model.dao.FileSudokuBoardDao  - Zasoby zostały zamknięte
0 [main] INFO  pl.kompo.model.dao.FileSudokuBoardDao  - Zasoby zostały zamknięte
387 [main] INFO  pl.kompo.model.dao.FileSudokuBoardDao  - Zasoby zostały zamknięte
0 [main] INFO  pl.kompo.model.dao.FileSudokuBoardDao  - Zasoby zostały zamknięte
395 [main] INFO  pl.kompo.model.dao.FileSudokuBoardDao  - Zasoby zostały zamknięte
0 [main] INFO  pl.kompo.model.dao.FileSudokuBoardDao  - Zasoby zostały zamknięte
407 [main] INFO  pl.kompo.model.dao.FileSudokuBoardDao  - Zasoby zostały zamknięte
0 [main] INFO  pl.kompo.model.dao.FileSudokuBoardDao  - Zasoby zostały zamknięte
450862 [main] INFO  pl.kompo.model.dao.FileSudokuBoardDao  - Zasoby zostały zamknięte
0 [main] INFO  pl.kompo.model.dao.FileSudokuBoardDao  - Zasoby zostały zamknięte
515 [main] INFO  pl.kompo.model.dao.FileSudokuBoardDao  - Zasoby zostały zamknięte
0 [main] INFO  pl.kompo.model.dao.FileSudokuBoardDao  - Zasoby zostały zamknięte
138698 [main] INFO  pl.kompo.model.dao.FileSudokuBoardDao  - Zasoby zostały zamknięte
0 [main] INFO  pl.kompo.model.dao.FileSudokuBoardDao  - Zasoby zostały zamknięte
523 [main] INFO  pl.kompo.model.dao.FileSudokuBoardDao  - Zasoby zostały zamknięte
0 [main] ERROR pl.kompo.model.dao.JdbcSudokuBoardDao  - Transakcja jest cofana
256 [main] INFO  pl.kompo.model.dao.FileSudokuBoardDao  - Zasoby zostały zamknięte
267 [main] INFO  pl.kompo.model.dao.FileSudokuBoardDao  - Zasoby zostały zamknięte
0 [main] INFO  pl.kompo.model.dao.FileSudokuBoardDao  - Zasoby zostały zamknięte
12 [main] INFO  pl.kompo.model.dao.FileSudokuBoardDao  - Zasoby zostały zamknięte
0 [main] INFO  pl.kompo.model.dao.FileSudokuBoardDao  - Zasoby zostały zamknięte
7 [main] INFO  pl.kompo.model.dao.FileSudokuBoardDao  - Zasoby zostały zamknięte
0 [main] INFO  pl.kompo.model.dao.FileSudokuBoardDao  - Zasoby zostały zamknięte
8 [main] INFO  pl.kompo.model.dao.FileSudokuBoardDao  - Zasoby zostały zamknięte
0 [main] ERROR pl.kompo.model.dao.JdbcSudokuBoardDao  - Transakcja jest cofana
105 [main] INFO  pl.kompo.model.dao.FileSudokuBoardDao  - Zasoby zostały zamknięte
109 [main] INFO  pl.kompo.model.dao.FileSudokuBoardDao  - Zasoby zostały zamknięte
